18:18:17,721 DEBUG Walker1(4-2) Walker1(4-2):waitOnBS:35 - wait Bus...
18:18:17,721 DEBUG Walker3(4-2) Walker3(4-2):waitOnBS:35 - wait Bus...
18:18:17,721 DEBUG Walker4(4-2) Walker4(4-2):waitOnBS:35 - wait Bus...
18:18:17,721 DEBUG Walker2(4-2) Walker2(4-2):waitOnBS:35 - wait Bus...
18:18:39,731 DEBUG Bus Bus:run:24 - Start
18:18:39,731 DEBUG Bus Bus:step:49 - going to 0
18:18:39,731 DEBUG Bus Bus:notifyAllOnBS:67 - Loading Walkers...
18:18:39,731 DEBUG Bus Bus:step:61 - running
18:18:39,731 DEBUG Bus Bus:step:49 - going to 1
18:18:39,731 DEBUG Bus Bus:notifyAllOnBS:67 - Loading Walkers...
18:18:39,731 DEBUG Bus Bus:step:61 - running
18:18:39,731 DEBUG Bus Bus:step:49 - going to 2
18:18:39,731 DEBUG Bus Bus:notifyAllOnBS:67 - Loading Walkers...
18:18:39,731 DEBUG Bus Bus:step:61 - running
18:18:39,731 DEBUG Bus Bus:step:49 - going to 3
18:18:39,731 DEBUG Bus Bus:notifyAllOnBS:67 - Loading Walkers...
18:18:39,731 DEBUG Bus Bus:step:61 - running
18:18:39,731 DEBUG Bus Bus:step:49 - going to 4
18:18:39,731 DEBUG Bus Bus:notifyAllOnBS:67 - Loading Walkers...
18:18:39,731 DEBUG Walker2(4-2) Walker2(4-2):waitOnBS:37 - ooo Bus!!!
18:18:39,731 DEBUG Walker2(4-2) Walker2(4-2):waitOnBS:41 - I sat
18:18:39,731 DEBUG Walker4(4-2) Walker4(4-2):waitOnBS:37 - ooo Bus!!!
18:18:39,731 DEBUG Walker4(4-2) Walker4(4-2):waitOnBS:41 - I sat
18:18:39,731 DEBUG Walker2(4-2) Walker2(4-2):waitInBus:83 - sat in Bus
18:18:39,731 DEBUG Walker3(4-2) Walker3(4-2):waitOnBS:37 - ooo Bus!!!
18:18:39,731 DEBUG Walker3(4-2) Walker3(4-2):waitOnBS:50 - oh, no places
18:18:39,731 DEBUG Walker3(4-2) Walker3(4-2):waitOnBS:35 - wait Bus...
18:18:39,731 DEBUG Walker4(4-2) Walker4(4-2):waitInBus:83 - sat in Bus
18:18:39,746 DEBUG Walker1(4-2) Walker1(4-2):waitOnBS:37 - ooo Bus!!!
18:18:39,746 DEBUG Walker1(4-2) Walker1(4-2):waitOnBS:50 - oh, no places
18:18:39,746 DEBUG Walker1(4-2) Walker1(4-2):waitOnBS:35 - wait Bus...
18:18:39,731 DEBUG Bus Bus:step:61 - running
18:18:39,746 DEBUG Bus Bus:step:49 - going to 5
18:18:39,746 DEBUG Walker4(4-2) Walker4(4-2):waitInBus:93 - checked walker
18:18:39,746 DEBUG Walker4(4-2) Walker4(4-2):waitInBus:97 - not my stop
18:18:39,746 DEBUG Walker4(4-2) Walker4(4-2):waitInBus:83 - sat in Bus
18:18:39,746 DEBUG Walker2(4-2) Walker2(4-2):waitInBus:93 - checked walker
18:18:39,746 DEBUG Walker2(4-2) Walker2(4-2):waitInBus:97 - not my stop
18:18:39,746 DEBUG Walker2(4-2) Walker2(4-2):waitInBus:83 - sat in Bus
18:18:39,746 DEBUG Bus Bus:notifyAllOnBS:67 - Loading Walkers...
18:18:39,746 DEBUG Bus Bus:step:61 - running
18:18:39,746 DEBUG Bus Bus:step:49 - going to 6
18:18:39,746 DEBUG Walker2(4-2) Walker2(4-2):waitInBus:93 - checked walker
18:18:39,746 DEBUG Walker2(4-2) Walker2(4-2):waitInBus:97 - not my stop
18:18:39,746 DEBUG Walker2(4-2) Walker2(4-2):waitInBus:83 - sat in Bus
18:18:39,746 DEBUG Walker4(4-2) Walker4(4-2):waitInBus:93 - checked walker
18:18:39,746 DEBUG Walker4(4-2) Walker4(4-2):waitInBus:97 - not my stop
18:18:39,746 DEBUG Walker4(4-2) Walker4(4-2):waitInBus:83 - sat in Bus
18:40:22,322 DEBUG Walker1(4-2) Walker1(4-2):waitOnBS:35 - wait Bus...
18:40:22,322 DEBUG Walker4(4-2) Walker4(4-2):waitOnBS:35 - wait Bus...
18:40:22,322 DEBUG Walker3(4-2) Walker3(4-2):waitOnBS:35 - wait Bus...
18:40:22,322 DEBUG Walker2(4-2) Walker2(4-2):waitOnBS:35 - wait Bus...
18:40:36,494 DEBUG Walker1(4-2) Walker1(4-2):waitOnBS:35 - wait Bus...
18:40:36,510 DEBUG Walker2(4-2) Walker2(4-2):waitOnBS:35 - wait Bus...
18:40:36,510 DEBUG Walker3(4-2) Walker3(4-2):waitOnBS:35 - wait Bus...
18:40:36,510 DEBUG Walker4(4-2) Walker4(4-2):waitOnBS:35 - wait Bus...
18:40:38,495 DEBUG Bus Bus:run:24 - Start
18:40:38,495 DEBUG Bus Bus:step:49 - going to 0
18:40:38,495 DEBUG Bus Bus:notifyAllOnBS:68 - Loading Walkers...
18:40:38,495 DEBUG Bus Bus:step:61 - running
18:40:38,495 DEBUG Bus Bus:step:49 - going to 1
18:40:38,495 DEBUG Bus Bus:notifyAllOnBS:68 - Loading Walkers...
18:40:38,495 DEBUG Bus Bus:step:61 - running
18:40:38,495 DEBUG Bus Bus:step:49 - going to 2
18:40:38,495 DEBUG Bus Bus:notifyAllOnBS:68 - Loading Walkers...
18:40:38,495 DEBUG Bus Bus:step:61 - running
18:40:38,495 DEBUG Bus Bus:step:49 - going to 3
18:40:38,495 DEBUG Bus Bus:notifyAllOnBS:68 - Loading Walkers...
18:40:38,495 DEBUG Bus Bus:step:61 - running
18:40:38,495 DEBUG Bus Bus:step:49 - going to 4
18:40:38,495 DEBUG Bus Bus:notifyAllOnBS:68 - Loading Walkers...
18:40:38,495 DEBUG Walker4(4-2) Walker4(4-2):waitOnBS:37 - ooo Bus!!!
18:40:38,495 DEBUG Walker4(4-2) Walker4(4-2):waitOnBS:41 - I sat
18:40:38,495 DEBUG Walker4(4-2) Walker4(4-2):waitInBus:83 - sat in Bus
18:40:38,495 DEBUG Walker3(4-2) Walker3(4-2):waitOnBS:37 - ooo Bus!!!
18:40:38,495 DEBUG Walker3(4-2) Walker3(4-2):waitOnBS:41 - I sat
18:40:38,495 DEBUG Walker3(4-2) Walker3(4-2):waitInBus:83 - sat in Bus
18:40:38,495 DEBUG Walker2(4-2) Walker2(4-2):waitOnBS:37 - ooo Bus!!!
18:40:38,495 DEBUG Walker2(4-2) Walker2(4-2):waitOnBS:51 - oh, no places
18:40:38,495 DEBUG Walker2(4-2) Walker2(4-2):waitOnBS:35 - wait Bus...
18:40:38,510 DEBUG Walker1(4-2) Walker1(4-2):waitOnBS:37 - ooo Bus!!!
18:40:38,510 DEBUG Walker1(4-2) Walker1(4-2):waitOnBS:51 - oh, no places
18:40:38,510 DEBUG Walker1(4-2) Walker1(4-2):waitOnBS:35 - wait Bus...
18:40:38,495 DEBUG Bus Bus:step:61 - running
18:40:38,510 DEBUG Bus Bus:step:49 - going to 5
18:40:38,510 DEBUG Walker3(4-2) Walker3(4-2):waitInBus:93 - checked walker
18:40:38,510 DEBUG Walker3(4-2) Walker3(4-2):waitInBus:97 - not my stop
18:40:38,510 DEBUG Walker3(4-2) Walker3(4-2):waitInBus:83 - sat in Bus
18:40:38,510 DEBUG Walker4(4-2) Walker4(4-2):waitInBus:93 - checked walker
18:40:38,510 DEBUG Walker4(4-2) Walker4(4-2):waitInBus:97 - not my stop
18:40:38,510 DEBUG Walker4(4-2) Walker4(4-2):waitInBus:83 - sat in Bus
18:40:38,510 DEBUG Bus Bus:notifyAllOnBS:68 - Loading Walkers...
18:40:38,510 DEBUG Bus Bus:step:61 - running
18:40:38,510 DEBUG Bus Bus:step:49 - going to 6
18:40:38,510 DEBUG Walker4(4-2) Walker4(4-2):waitInBus:93 - checked walker
18:40:38,510 DEBUG Walker4(4-2) Walker4(4-2):waitInBus:97 - not my stop
18:40:38,510 DEBUG Walker4(4-2) Walker4(4-2):waitInBus:83 - sat in Bus
18:40:38,510 DEBUG Walker3(4-2) Walker3(4-2):waitInBus:93 - checked walker
18:40:38,510 DEBUG Walker3(4-2) Walker3(4-2):waitInBus:97 - not my stop
18:40:38,510 DEBUG Walker3(4-2) Walker3(4-2):waitInBus:83 - sat in Bus
18:41:17,660 DEBUG Walker1(4-2) Walker1(4-2):waitOnBS:35 - wait Bus...
18:41:17,660 DEBUG Walker2(4-2) Walker2(4-2):waitOnBS:35 - wait Bus...
18:41:17,660 DEBUG Walker3(4-2) Walker3(4-2):waitOnBS:35 - wait Bus...
18:41:17,660 DEBUG Walker4(4-2) Walker4(4-2):waitOnBS:35 - wait Bus...
18:41:19,676 DEBUG Bus Bus:run:24 - Start
18:41:19,676 DEBUG Bus Bus:step:49 - going to 0
18:41:19,676 DEBUG Bus Bus:notifyAllOnBS:68 - Loading Walkers...
18:41:25,549 DEBUG Bus Bus:step:61 - running
18:41:25,549 DEBUG Bus Bus:step:49 - going to 1
18:41:25,549 DEBUG Bus Bus:notifyAllOnBS:68 - Loading Walkers...
18:41:28,908 DEBUG Bus Bus:step:61 - running
18:41:28,908 DEBUG Bus Bus:step:49 - going to 2
18:41:28,908 DEBUG Bus Bus:notifyAllOnBS:68 - Loading Walkers...
18:41:32,612 DEBUG Bus Bus:step:61 - running
18:41:32,612 DEBUG Bus Bus:step:49 - going to 3
18:41:32,612 DEBUG Bus Bus:notifyAllOnBS:68 - Loading Walkers...
18:41:35,690 DEBUG Bus Bus:step:61 - running
18:41:35,690 DEBUG Bus Bus:step:49 - going to 4
18:41:35,690 DEBUG Bus Bus:notifyAllOnBS:68 - Loading Walkers...
18:41:38,300 DEBUG Walker4(4-2) Walker4(4-2):waitOnBS:37 - ooo Bus!!!
18:41:38,300 DEBUG Walker4(4-2) Walker4(4-2):waitOnBS:41 - I sat
18:41:38,300 DEBUG Walker4(4-2) Walker4(4-2):waitInBus:83 - sat in Bus
18:41:38,300 DEBUG Walker3(4-2) Walker3(4-2):waitOnBS:37 - ooo Bus!!!
18:41:38,300 DEBUG Walker3(4-2) Walker3(4-2):waitOnBS:41 - I sat
18:41:38,300 DEBUG Walker3(4-2) Walker3(4-2):waitInBus:83 - sat in Bus
18:41:38,300 DEBUG Walker2(4-2) Walker2(4-2):waitOnBS:37 - ooo Bus!!!
18:42:06,557 DEBUG Walker2(4-2) Walker2(4-2):waitOnBS:51 - oh, no places
18:42:06,557 DEBUG Walker2(4-2) Walker2(4-2):waitOnBS:35 - wait Bus...
18:42:06,557 DEBUG Bus Bus:step:61 - running
18:42:06,557 DEBUG Bus Bus:step:49 - going to 5
18:42:06,557 DEBUG Walker1(4-2) Walker1(4-2):waitOnBS:37 - ooo Bus!!!
18:42:06,557 DEBUG Walker3(4-2) Walker3(4-2):waitInBus:93 - checked walker
18:42:44,983 DEBUG Walker1(4-2) Walker1(4-2):waitOnBS:51 - oh, no places
18:42:54,574 DEBUG Walker1(4-2) Walker1(4-2):waitOnBS:35 - wait Bus...
18:42:54,574 DEBUG Walker3(4-2) Walker3(4-2):waitInBus:97 - not my stop
18:42:54,574 DEBUG Walker3(4-2) Walker3(4-2):waitInBus:83 - sat in Bus
18:42:54,574 DEBUG Walker4(4-2) Walker4(4-2):waitInBus:93 - checked walker
18:43:03,905 DEBUG Bus Bus:notifyAllOnBS:68 - Loading Walkers...
18:43:05,797 DEBUG Walker4(4-2) Walker4(4-2):waitInBus:97 - not my stop
18:43:15,882 DEBUG Walker4(4-2) Walker4(4-2):waitInBus:83 - sat in Bus
18:43:15,882 DEBUG Bus Bus:step:61 - running
18:43:15,882 DEBUG Bus Bus:step:49 - going to 6
18:43:15,882 DEBUG Walker4(4-2) Walker4(4-2):waitInBus:93 - checked walker
18:43:21,217 DEBUG Walker4(4-2) Walker4(4-2):waitInBus:97 - not my stop
18:43:21,217 DEBUG Walker4(4-2) Walker4(4-2):waitInBus:83 - sat in Bus
18:43:21,217 DEBUG Walker3(4-2) Walker3(4-2):waitInBus:93 - checked walker
18:43:22,896 DEBUG Walker3(4-2) Walker3(4-2):waitInBus:97 - not my stop
18:43:22,896 DEBUG Walker3(4-2) Walker3(4-2):waitInBus:83 - sat in Bus
18:43:55,649 DEBUG Walker1(4-2) Walker1(4-2):waitOnBS:35 - wait Bus...
18:43:55,649 DEBUG Walker3(4-2) Walker3(4-2):waitOnBS:35 - wait Bus...
18:43:55,649 DEBUG Walker2(4-2) Walker2(4-2):waitOnBS:35 - wait Bus...
18:43:55,649 DEBUG Walker4(4-2) Walker4(4-2):waitOnBS:35 - wait Bus...
18:43:57,649 DEBUG Bus Bus:run:24 - Start
18:43:57,649 DEBUG Bus Bus:step:49 - going to 0
18:43:57,649 DEBUG Bus Bus:notifyAllOnBS:68 - Loading Walkers...
18:44:18,559 DEBUG Bus Bus:step:61 - running
18:44:18,559 DEBUG Bus Bus:step:49 - going to 1
18:44:18,559 DEBUG Bus Bus:notifyAllOnBS:68 - Loading Walkers...
18:44:26,420 DEBUG Bus Bus:step:61 - running
18:44:26,420 DEBUG Bus Bus:step:49 - going to 2
18:44:26,420 DEBUG Bus Bus:notifyAllOnBS:68 - Loading Walkers...
18:44:30,326 DEBUG Bus Bus:step:61 - running
18:44:30,326 DEBUG Bus Bus:step:49 - going to 3
18:44:30,326 DEBUG Bus Bus:notifyAllOnBS:68 - Loading Walkers...
18:44:31,686 DEBUG Bus Bus:step:61 - running
18:44:31,686 DEBUG Bus Bus:step:49 - going to 4
18:44:31,686 DEBUG Bus Bus:notifyAllOnBS:68 - Loading Walkers...
18:44:49,516 DEBUG Walker4(4-2) Walker4(4-2):waitOnBS:37 - ooo Bus!!!
18:44:56,191 DEBUG Walker4(4-2) Walker4(4-2):waitOnBS:41 - I sat
18:44:56,191 DEBUG Walker2(4-2) Walker2(4-2):waitOnBS:37 - ooo Bus!!!
18:44:56,191 DEBUG Walker4(4-2) Walker4(4-2):waitInBus:83 - sat in Bus
18:44:56,191 DEBUG Walker2(4-2) Walker2(4-2):waitOnBS:41 - I sat
18:44:56,191 DEBUG Walker2(4-2) Walker2(4-2):waitInBus:83 - sat in Bus
18:44:56,191 DEBUG Walker3(4-2) Walker3(4-2):waitOnBS:37 - ooo Bus!!!
18:45:26,515 DEBUG Walker3(4-2) Walker3(4-2):waitOnBS:51 - oh, no places
18:45:26,515 DEBUG Walker3(4-2) Walker3(4-2):waitOnBS:35 - wait Bus...
18:45:26,515 DEBUG Walker1(4-2) Walker1(4-2):waitOnBS:37 - ooo Bus!!!
18:45:26,515 DEBUG Bus Bus:step:61 - running
18:45:33,594 DEBUG Bus Bus:step:49 - going to 5
18:45:33,594 DEBUG Walker1(4-2) Walker1(4-2):waitOnBS:51 - oh, no places
18:45:33,594 DEBUG Walker1(4-2) Walker1(4-2):waitOnBS:35 - wait Bus...
18:45:33,594 DEBUG Walker2(4-2) Walker2(4-2):waitInBus:93 - checked walker
18:45:33,594 DEBUG Walker2(4-2) Walker2(4-2):waitInBus:97 - not my stop
18:45:33,594 DEBUG Walker2(4-2) Walker2(4-2):waitInBus:83 - sat in Bus
18:45:33,594 DEBUG Walker4(4-2) Walker4(4-2):waitInBus:93 - checked walker
18:45:45,071 DEBUG Walker4(4-2) Walker4(4-2):waitInBus:97 - not my stop
18:45:45,071 DEBUG Walker4(4-2) Walker4(4-2):waitInBus:83 - sat in Bus
18:45:45,071 DEBUG Bus Bus:notifyAllOnBS:68 - Loading Walkers...
18:45:47,385 DEBUG Bus Bus:step:61 - running
18:45:47,385 DEBUG Bus Bus:step:49 - going to 6
18:45:47,385 DEBUG Walker4(4-2) Walker4(4-2):waitInBus:93 - checked walker
18:45:47,385 DEBUG Walker4(4-2) Walker4(4-2):waitInBus:97 - not my stop
18:45:47,385 DEBUG Walker4(4-2) Walker4(4-2):waitInBus:83 - sat in Bus
18:45:47,385 DEBUG Walker2(4-2) Walker2(4-2):waitInBus:93 - checked walker
18:45:47,385 DEBUG Walker2(4-2) Walker2(4-2):waitInBus:97 - not my stop
18:45:47,385 DEBUG Walker2(4-2) Walker2(4-2):waitInBus:83 - sat in Bus
18:46:56,032 DEBUG Walker1(4-2) Walker1(4-2):waitOnBS:35 - wait Bus...
18:46:56,047 DEBUG Walker3(4-2) Walker3(4-2):waitOnBS:35 - wait Bus...
18:46:56,047 DEBUG Walker2(4-2) Walker2(4-2):waitOnBS:35 - wait Bus...
18:46:56,047 DEBUG Walker4(4-2) Walker4(4-2):waitOnBS:35 - wait Bus...
18:46:58,032 DEBUG Bus Bus:run:24 - Start
18:46:58,032 DEBUG Bus Bus:step:49 - going to 0
18:46:58,032 DEBUG Bus Bus:notifyAllOnBS:68 - Loading Walkers...
18:47:06,903 DEBUG Bus Bus:step:61 - running
18:47:06,903 DEBUG Bus Bus:step:49 - going to 1
18:47:06,903 DEBUG Bus Bus:notifyAllOnBS:68 - Loading Walkers...
18:47:08,532 DEBUG Bus Bus:step:61 - running
18:47:08,532 DEBUG Bus Bus:step:49 - going to 2
18:47:08,532 DEBUG Bus Bus:notifyAllOnBS:68 - Loading Walkers...
18:47:10,203 DEBUG Bus Bus:step:61 - running
18:47:10,203 DEBUG Bus Bus:step:49 - going to 3
18:47:10,203 DEBUG Bus Bus:notifyAllOnBS:68 - Loading Walkers...
18:47:23,348 DEBUG Bus Bus:step:61 - running
18:47:23,348 DEBUG Bus Bus:step:49 - going to 4
18:47:23,348 DEBUG Bus Bus:notifyAllOnBS:68 - Loading Walkers...
18:47:27,622 DEBUG Walker4(4-2) Walker4(4-2):waitOnBS:37 - ooo Bus!!!
18:47:32,091 DEBUG Walker4(4-2) Walker4(4-2):waitOnBS:41 - I sat
18:47:32,091 DEBUG Walker4(4-2) Walker4(4-2):waitInBus:83 - sat in Bus
18:47:32,091 DEBUG Walker2(4-2) Walker2(4-2):waitOnBS:37 - ooo Bus!!!
18:47:32,091 DEBUG Walker2(4-2) Walker2(4-2):waitOnBS:41 - I sat
18:47:32,091 DEBUG Walker2(4-2) Walker2(4-2):waitInBus:83 - sat in Bus
18:47:32,091 DEBUG Walker3(4-2) Walker3(4-2):waitOnBS:37 - ooo Bus!!!
18:47:58,926 DEBUG Walker3(4-2) Walker3(4-2):waitOnBS:51 - oh, no places
18:47:58,926 DEBUG Walker3(4-2) Walker3(4-2):waitOnBS:35 - wait Bus...
18:47:58,926 DEBUG Bus Bus:step:61 - running
18:47:58,926 DEBUG Walker1(4-2) Walker1(4-2):waitOnBS:37 - ooo Bus!!!
18:48:00,578 DEBUG Bus Bus:step:49 - going to 5
18:48:03,142 DEBUG Walker1(4-2) Walker1(4-2):waitOnBS:51 - oh, no places
18:48:03,142 DEBUG Walker1(4-2) Walker1(4-2):waitOnBS:35 - wait Bus...
18:48:03,142 DEBUG Walker2(4-2) Walker2(4-2):waitInBus:93 - checked walker
18:48:03,157 DEBUG Walker2(4-2) Walker2(4-2):waitInBus:97 - not my stop
18:48:03,157 DEBUG Walker2(4-2) Walker2(4-2):waitInBus:83 - sat in Bus
18:48:03,157 DEBUG Walker4(4-2) Walker4(4-2):waitInBus:93 - checked walker
18:48:39,184 DEBUG Walker4(4-2) Walker4(4-2):waitInBus:97 - not my stop
18:48:39,184 DEBUG Walker4(4-2) Walker4(4-2):waitInBus:83 - sat in Bus
18:48:39,184 DEBUG Bus Bus:notifyAllOnBS:68 - Loading Walkers...
18:48:49,102 DEBUG Bus Bus:step:61 - running
18:48:55,506 DEBUG Bus Bus:step:49 - going to 6
18:48:55,538 DEBUG Walker4(4-2) Walker4(4-2):waitInBus:93 - checked walker
18:49:11,509 DEBUG Walker4(4-2) Walker4(4-2):waitInBus:97 - not my stop
18:49:11,509 DEBUG Walker4(4-2) Walker4(4-2):waitInBus:83 - sat in Bus
18:49:11,509 DEBUG Walker2(4-2) Walker2(4-2):waitInBus:93 - checked walker
18:49:11,509 DEBUG Walker2(4-2) Walker2(4-2):waitInBus:97 - not my stop
18:49:11,509 DEBUG Walker2(4-2) Walker2(4-2):waitInBus:83 - sat in Bus
18:50:04,139 DEBUG Walker4(4-2) Walker4(4-2):waitOnBS:35 - wait Bus...
18:50:04,139 DEBUG Walker3(4-2) Walker3(4-2):waitOnBS:35 - wait Bus...
18:50:04,139 DEBUG Walker1(4-2) Walker1(4-2):waitOnBS:35 - wait Bus...
18:50:04,139 DEBUG Walker2(4-2) Walker2(4-2):waitOnBS:35 - wait Bus...
18:50:06,155 DEBUG Bus Bus:run:24 - Start
18:50:06,155 DEBUG Bus Bus:step:49 - going to 0
18:50:06,155 DEBUG Bus Bus:notifyAllOnBS:68 - Loading Walkers...
18:50:06,155 DEBUG Bus Bus:step:61 - running
18:50:06,155 DEBUG Bus Bus:step:49 - going to 1
18:50:06,155 DEBUG Bus Bus:notifyAllOnBS:68 - Loading Walkers...
18:50:06,155 DEBUG Bus Bus:step:61 - running
18:50:06,155 DEBUG Bus Bus:step:49 - going to 2
18:50:06,155 DEBUG Bus Bus:notifyAllOnBS:68 - Loading Walkers...
18:50:06,155 DEBUG Bus Bus:step:61 - running
18:50:06,155 DEBUG Bus Bus:step:49 - going to 3
18:50:06,155 DEBUG Bus Bus:notifyAllOnBS:68 - Loading Walkers...
18:50:06,155 DEBUG Bus Bus:step:61 - running
18:50:06,155 DEBUG Bus Bus:step:49 - going to 4
18:50:06,155 DEBUG Bus Bus:notifyAllOnBS:68 - Loading Walkers...
18:50:06,155 DEBUG Walker2(4-2) Walker2(4-2):waitOnBS:37 - ooo Bus!!!
18:50:06,155 DEBUG Walker2(4-2) Walker2(4-2):waitOnBS:41 - I sat
18:50:06,155 DEBUG Walker2(4-2) Walker2(4-2):waitInBus:83 - sat in Bus
18:50:06,155 DEBUG Walker1(4-2) Walker1(4-2):waitOnBS:37 - ooo Bus!!!
18:50:06,155 DEBUG Walker1(4-2) Walker1(4-2):waitOnBS:41 - I sat
18:50:06,155 DEBUG Walker1(4-2) Walker1(4-2):waitInBus:83 - sat in Bus
18:50:06,155 DEBUG Walker3(4-2) Walker3(4-2):waitOnBS:37 - ooo Bus!!!
18:50:06,155 DEBUG Walker3(4-2) Walker3(4-2):waitOnBS:51 - oh, no places
18:50:06,155 DEBUG Walker3(4-2) Walker3(4-2):waitOnBS:35 - wait Bus...
18:50:06,155 DEBUG Bus Bus:step:61 - running
18:50:06,155 DEBUG Bus Bus:step:49 - going to 5
18:50:06,155 DEBUG Walker4(4-2) Walker4(4-2):waitOnBS:37 - ooo Bus!!!
18:50:06,155 DEBUG Walker4(4-2) Walker4(4-2):waitOnBS:51 - oh, no places
18:50:06,155 DEBUG Walker4(4-2) Walker4(4-2):waitOnBS:35 - wait Bus...
18:50:06,155 DEBUG Walker1(4-2) Walker1(4-2):waitInBus:93 - checked walker
18:50:06,155 DEBUG Walker1(4-2) Walker1(4-2):waitInBus:98 - not my stop
18:50:06,155 DEBUG Walker1(4-2) Walker1(4-2):waitInBus:83 - sat in Bus
18:50:06,155 DEBUG Walker2(4-2) Walker2(4-2):waitInBus:93 - checked walker
18:50:06,155 DEBUG Walker2(4-2) Walker2(4-2):waitInBus:98 - not my stop
18:50:06,155 DEBUG Walker2(4-2) Walker2(4-2):waitInBus:83 - sat in Bus
18:50:06,155 DEBUG Bus Bus:notifyAllOnBS:68 - Loading Walkers...
18:50:06,155 DEBUG Bus Bus:step:61 - running
18:50:06,155 DEBUG Bus Bus:step:49 - going to 6
18:50:06,155 DEBUG Walker2(4-2) Walker2(4-2):waitInBus:93 - checked walker
18:50:06,155 DEBUG Walker2(4-2) Walker2(4-2):waitInBus:98 - not my stop
18:50:06,155 DEBUG Walker2(4-2) Walker2(4-2):waitInBus:83 - sat in Bus
18:50:06,155 DEBUG Walker1(4-2) Walker1(4-2):waitInBus:93 - checked walker
18:50:06,155 DEBUG Walker1(4-2) Walker1(4-2):waitInBus:98 - not my stop
18:50:06,155 DEBUG Walker1(4-2) Walker1(4-2):waitInBus:83 - sat in Bus
18:50:06,155 DEBUG Bus Bus:notifyAllOnBS:68 - Loading Walkers...
18:50:06,155 DEBUG Bus Bus:step:61 - running
18:50:06,155 DEBUG Bus Bus:step:49 - going to 7
18:50:06,155 DEBUG Walker1(4-2) Walker1(4-2):waitInBus:93 - checked walker
18:50:06,155 DEBUG Walker1(4-2) Walker1(4-2):waitInBus:98 - not my stop
18:50:06,155 DEBUG Walker1(4-2) Walker1(4-2):waitInBus:83 - sat in Bus
18:50:06,155 DEBUG Walker2(4-2) Walker2(4-2):waitInBus:93 - checked walker
18:50:06,155 DEBUG Walker2(4-2) Walker2(4-2):waitInBus:98 - not my stop
18:50:06,155 DEBUG Walker2(4-2) Walker2(4-2):waitInBus:83 - sat in Bus
18:50:06,155 DEBUG Bus Bus:notifyAllOnBS:68 - Loading Walkers...
18:50:06,155 DEBUG Bus Bus:step:61 - running
18:50:06,155 DEBUG Bus Bus:step:49 - going to 8
18:50:06,155 DEBUG Walker2(4-2) Walker2(4-2):waitInBus:93 - checked walker
18:50:06,155 DEBUG Walker2(4-2) Walker2(4-2):waitInBus:98 - not my stop
18:50:06,155 DEBUG Walker2(4-2) Walker2(4-2):waitInBus:83 - sat in Bus
18:50:06,155 DEBUG Walker1(4-2) Walker1(4-2):waitInBus:93 - checked walker
18:50:06,155 DEBUG Walker1(4-2) Walker1(4-2):waitInBus:98 - not my stop
18:50:06,155 DEBUG Walker1(4-2) Walker1(4-2):waitInBus:83 - sat in Bus
18:50:06,155 DEBUG Bus Bus:notifyAllOnBS:68 - Loading Walkers...
18:50:06,155 DEBUG Bus Bus:step:61 - running
18:50:06,155 DEBUG Bus Bus:step:49 - going to 9
18:50:06,155 DEBUG Walker1(4-2) Walker1(4-2):waitInBus:93 - checked walker
18:50:06,171 DEBUG Walker1(4-2) Walker1(4-2):waitInBus:98 - not my stop
18:50:06,171 DEBUG Walker1(4-2) Walker1(4-2):waitInBus:83 - sat in Bus
18:50:06,171 DEBUG Walker2(4-2) Walker2(4-2):waitInBus:93 - checked walker
18:50:06,171 DEBUG Walker2(4-2) Walker2(4-2):waitInBus:98 - not my stop
18:50:06,171 DEBUG Walker2(4-2) Walker2(4-2):waitInBus:83 - sat in Bus
18:50:06,171 DEBUG Bus Bus:notifyAllOnBS:68 - Loading Walkers...
18:50:06,171 DEBUG Bus Bus:step:61 - running
18:50:06,171 DEBUG Bus Bus:step:49 - going to 10
18:50:06,171 DEBUG Walker2(4-2) Walker2(4-2):waitInBus:93 - checked walker
18:50:06,171 DEBUG Walker2(4-2) Walker2(4-2):waitInBus:98 - not my stop
18:50:06,171 DEBUG Walker2(4-2) Walker2(4-2):waitInBus:83 - sat in Bus
18:50:06,171 DEBUG Walker1(4-2) Walker1(4-2):waitInBus:93 - checked walker
18:50:06,171 DEBUG Walker1(4-2) Walker1(4-2):waitInBus:98 - not my stop
18:50:06,171 DEBUG Walker1(4-2) Walker1(4-2):waitInBus:83 - sat in Bus
18:50:06,171 DEBUG Bus Bus:notifyAllOnBS:68 - Loading Walkers...
18:50:06,171 DEBUG Bus Bus:step:61 - running
18:50:06,171 DEBUG Bus Bus:step:49 - going to 9
18:50:06,171 DEBUG Walker1(4-2) Walker1(4-2):waitInBus:93 - checked walker
18:50:06,171 DEBUG Walker1(4-2) Walker1(4-2):waitInBus:98 - not my stop
18:50:06,171 DEBUG Walker1(4-2) Walker1(4-2):waitInBus:83 - sat in Bus
18:50:06,171 DEBUG Walker2(4-2) Walker2(4-2):waitInBus:93 - checked walker
18:50:06,171 DEBUG Walker2(4-2) Walker2(4-2):waitInBus:98 - not my stop
18:50:06,171 DEBUG Walker2(4-2) Walker2(4-2):waitInBus:83 - sat in Bus
18:50:06,171 DEBUG Bus Bus:notifyAllOnBS:68 - Loading Walkers...
18:50:06,171 DEBUG Bus Bus:step:61 - running
18:50:06,171 DEBUG Bus Bus:step:49 - going to 8
18:50:06,171 DEBUG Walker2(4-2) Walker2(4-2):waitInBus:93 - checked walker
18:50:06,171 DEBUG Walker2(4-2) Walker2(4-2):waitInBus:98 - not my stop
18:50:06,171 DEBUG Walker2(4-2) Walker2(4-2):waitInBus:83 - sat in Bus
18:50:06,171 DEBUG Walker1(4-2) Walker1(4-2):waitInBus:93 - checked walker
18:50:06,171 DEBUG Walker1(4-2) Walker1(4-2):waitInBus:98 - not my stop
18:50:06,171 DEBUG Walker1(4-2) Walker1(4-2):waitInBus:83 - sat in Bus
18:50:06,171 DEBUG Bus Bus:notifyAllOnBS:68 - Loading Walkers...
18:50:06,171 DEBUG Bus Bus:step:61 - running
18:50:06,171 DEBUG Bus Bus:step:49 - going to 7
18:50:06,171 DEBUG Walker1(4-2) Walker1(4-2):waitInBus:93 - checked walker
18:50:06,171 DEBUG Walker1(4-2) Walker1(4-2):waitInBus:98 - not my stop
18:50:06,171 DEBUG Walker1(4-2) Walker1(4-2):waitInBus:83 - sat in Bus
18:50:06,171 DEBUG Walker2(4-2) Walker2(4-2):waitInBus:93 - checked walker
18:50:06,171 DEBUG Walker2(4-2) Walker2(4-2):waitInBus:98 - not my stop
18:50:06,171 DEBUG Walker2(4-2) Walker2(4-2):waitInBus:83 - sat in Bus
18:50:06,171 DEBUG Bus Bus:notifyAllOnBS:68 - Loading Walkers...
18:50:06,171 DEBUG Bus Bus:step:61 - running
18:50:06,171 DEBUG Bus Bus:step:49 - going to 6
18:50:06,171 DEBUG Walker2(4-2) Walker2(4-2):waitInBus:93 - checked walker
18:50:06,171 DEBUG Walker2(4-2) Walker2(4-2):waitInBus:98 - not my stop
18:50:06,171 DEBUG Walker2(4-2) Walker2(4-2):waitInBus:83 - sat in Bus
18:50:06,171 DEBUG Walker1(4-2) Walker1(4-2):waitInBus:93 - checked walker
18:50:06,171 DEBUG Walker1(4-2) Walker1(4-2):waitInBus:98 - not my stop
18:50:06,171 DEBUG Walker1(4-2) Walker1(4-2):waitInBus:83 - sat in Bus
18:50:06,171 DEBUG Bus Bus:notifyAllOnBS:68 - Loading Walkers...
18:50:06,171 DEBUG Bus Bus:step:61 - running
18:50:06,171 DEBUG Bus Bus:step:49 - going to 5
18:50:06,171 DEBUG Walker1(4-2) Walker1(4-2):waitInBus:93 - checked walker
18:50:06,171 DEBUG Walker1(4-2) Walker1(4-2):waitInBus:98 - not my stop
18:50:06,171 DEBUG Walker1(4-2) Walker1(4-2):waitInBus:83 - sat in Bus
18:50:06,171 DEBUG Walker2(4-2) Walker2(4-2):waitInBus:93 - checked walker
18:50:06,171 DEBUG Walker2(4-2) Walker2(4-2):waitInBus:98 - not my stop
18:50:06,171 DEBUG Walker2(4-2) Walker2(4-2):waitInBus:83 - sat in Bus
18:50:06,171 DEBUG Bus Bus:notifyAllOnBS:68 - Loading Walkers...
18:50:06,171 DEBUG Bus Bus:step:61 - running
18:50:06,171 DEBUG Bus Bus:step:49 - going to 4
18:50:06,171 DEBUG Walker2(4-2) Walker2(4-2):waitInBus:93 - checked walker
18:50:06,171 DEBUG Walker2(4-2) Walker2(4-2):waitInBus:98 - not my stop
18:50:06,171 DEBUG Walker2(4-2) Walker2(4-2):waitInBus:83 - sat in Bus
18:50:06,171 DEBUG Walker1(4-2) Walker1(4-2):waitInBus:93 - checked walker
18:50:06,171 DEBUG Walker1(4-2) Walker1(4-2):waitInBus:98 - not my stop
18:50:06,171 DEBUG Walker1(4-2) Walker1(4-2):waitInBus:83 - sat in Bus
18:50:06,171 DEBUG Bus Bus:notifyAllOnBS:68 - Loading Walkers...
18:50:06,171 DEBUG Walker4(4-2) Walker4(4-2):waitOnBS:37 - ooo Bus!!!
18:50:06,171 DEBUG Walker4(4-2) Walker4(4-2):waitOnBS:51 - oh, no places
18:50:06,171 DEBUG Walker4(4-2) Walker4(4-2):waitOnBS:35 - wait Bus...
18:50:06,171 DEBUG Bus Bus:step:61 - running
18:50:06,171 DEBUG Bus Bus:step:49 - going to 3
18:50:06,171 DEBUG Walker3(4-2) Walker3(4-2):waitOnBS:37 - ooo Bus!!!
18:50:06,171 DEBUG Walker3(4-2) Walker3(4-2):waitOnBS:51 - oh, no places
18:50:06,171 DEBUG Walker3(4-2) Walker3(4-2):waitOnBS:35 - wait Bus...
18:50:06,171 DEBUG Walker1(4-2) Walker1(4-2):waitInBus:93 - checked walker
18:50:06,171 DEBUG Walker1(4-2) Walker1(4-2):waitInBus:98 - not my stop
18:50:06,171 DEBUG Walker1(4-2) Walker1(4-2):waitInBus:83 - sat in Bus
18:50:06,187 DEBUG Walker2(4-2) Walker2(4-2):waitInBus:93 - checked walker
18:50:06,187 DEBUG Walker2(4-2) Walker2(4-2):waitInBus:98 - not my stop
18:50:06,187 DEBUG Walker2(4-2) Walker2(4-2):waitInBus:83 - sat in Bus
18:50:06,187 DEBUG Bus Bus:notifyAllOnBS:68 - Loading Walkers...
18:50:06,187 DEBUG Bus Bus:step:61 - running
18:50:06,187 DEBUG Bus Bus:step:49 - going to 2
18:50:06,187 DEBUG Walker2(4-2) Walker2(4-2):waitInBus:87 - end point
18:50:06,187 DEBUG Walker1(4-2) Walker1(4-2):waitInBus:87 - end point
18:54:07,507 DEBUG Walker1(4-2) Walker1(4-2):waitOnBS:35 - wait Bus...
18:54:07,507 DEBUG Walker2(4-2) Walker2(4-2):waitOnBS:35 - wait Bus...
18:54:07,507 DEBUG Walker3(4-2) Walker3(4-2):waitOnBS:35 - wait Bus...
18:54:07,523 DEBUG Walker4(4-2) Walker4(4-2):waitOnBS:35 - wait Bus...
18:54:09,523 DEBUG Bus Bus:run:24 - Start
18:54:09,523 DEBUG Bus Bus:step:49 - going to 0
18:54:09,523 DEBUG Bus Bus:notifyAllOnBS:68 - Loading Walkers...
18:54:09,523 DEBUG Bus Bus:step:61 - running
18:54:09,523 DEBUG Bus Bus:step:49 - going to 1
18:54:09,523 DEBUG Bus Bus:notifyAllOnBS:68 - Loading Walkers...
18:54:09,523 DEBUG Bus Bus:step:61 - running
18:54:09,523 DEBUG Bus Bus:step:49 - going to 2
18:54:09,523 DEBUG Bus Bus:notifyAllOnBS:68 - Loading Walkers...
18:54:09,523 DEBUG Bus Bus:step:61 - running
18:54:09,523 DEBUG Bus Bus:step:49 - going to 3
18:54:09,523 DEBUG Bus Bus:notifyAllOnBS:68 - Loading Walkers...
18:54:09,523 DEBUG Bus Bus:step:61 - running
18:54:09,523 DEBUG Bus Bus:step:49 - going to 4
18:54:09,523 DEBUG Bus Bus:notifyAllOnBS:68 - Loading Walkers...
18:54:09,523 DEBUG Walker4(4-2) Walker4(4-2):waitOnBS:37 - ooo Bus!!!
18:54:09,523 DEBUG Walker4(4-2) Walker4(4-2):waitOnBS:41 - I sat
18:54:09,523 DEBUG Walker4(4-2) Walker4(4-2):waitInBus:84 - sat in Bus
18:54:09,523 DEBUG Walker3(4-2) Walker3(4-2):waitOnBS:37 - ooo Bus!!!
18:54:09,523 DEBUG Walker3(4-2) Walker3(4-2):waitOnBS:41 - I sat
18:54:09,523 DEBUG Walker3(4-2) Walker3(4-2):waitInBus:84 - sat in Bus
18:54:09,523 DEBUG Walker2(4-2) Walker2(4-2):waitOnBS:37 - ooo Bus!!!
18:54:09,523 DEBUG Walker2(4-2) Walker2(4-2):waitOnBS:51 - oh, no places
18:54:09,523 DEBUG Walker2(4-2) Walker2(4-2):waitOnBS:35 - wait Bus...
18:54:09,523 DEBUG Bus Bus:step:61 - running
18:54:09,523 DEBUG Bus Bus:step:49 - going to 5
18:54:09,523 DEBUG Walker1(4-2) Walker1(4-2):waitOnBS:37 - ooo Bus!!!
18:54:09,523 DEBUG Walker3(4-2) Walker3(4-2):waitInBus:94 - checked walker
18:54:09,539 DEBUG Walker3(4-2) Walker3(4-2):waitInBus:99 - not my stop
18:54:09,539 DEBUG Walker3(4-2) Walker3(4-2):waitInBus:84 - sat in Bus
18:54:09,539 DEBUG Walker1(4-2) Walker1(4-2):waitOnBS:51 - oh, no places
18:54:09,539 DEBUG Walker1(4-2) Walker1(4-2):waitOnBS:35 - wait Bus...
18:54:09,539 DEBUG Walker4(4-2) Walker4(4-2):waitInBus:94 - checked walker
18:54:09,539 DEBUG Walker4(4-2) Walker4(4-2):waitInBus:99 - not my stop
18:54:09,539 DEBUG Walker4(4-2) Walker4(4-2):waitInBus:84 - sat in Bus
18:54:09,539 DEBUG Bus Bus:notifyAllOnBS:68 - Loading Walkers...
18:54:09,539 DEBUG Bus Bus:step:61 - running
18:54:09,539 DEBUG Bus Bus:step:49 - going to 6
18:54:09,539 DEBUG Walker4(4-2) Walker4(4-2):waitInBus:94 - checked walker
18:54:09,539 DEBUG Walker4(4-2) Walker4(4-2):waitInBus:99 - not my stop
18:54:09,539 DEBUG Walker4(4-2) Walker4(4-2):waitInBus:84 - sat in Bus
18:54:09,539 DEBUG Walker3(4-2) Walker3(4-2):waitInBus:94 - checked walker
18:54:09,539 DEBUG Walker3(4-2) Walker3(4-2):waitInBus:99 - not my stop
18:54:09,539 DEBUG Walker3(4-2) Walker3(4-2):waitInBus:84 - sat in Bus
18:54:09,539 DEBUG Bus Bus:notifyAllOnBS:68 - Loading Walkers...
18:54:09,539 DEBUG Bus Bus:step:61 - running
18:54:09,539 DEBUG Bus Bus:step:49 - going to 7
18:54:09,539 DEBUG Walker3(4-2) Walker3(4-2):waitInBus:94 - checked walker
18:54:09,539 DEBUG Walker3(4-2) Walker3(4-2):waitInBus:99 - not my stop
18:54:09,539 DEBUG Walker3(4-2) Walker3(4-2):waitInBus:84 - sat in Bus
18:54:09,539 DEBUG Walker4(4-2) Walker4(4-2):waitInBus:94 - checked walker
18:54:09,539 DEBUG Walker4(4-2) Walker4(4-2):waitInBus:99 - not my stop
18:54:09,539 DEBUG Walker4(4-2) Walker4(4-2):waitInBus:84 - sat in Bus
18:54:09,539 DEBUG Bus Bus:notifyAllOnBS:68 - Loading Walkers...
18:54:09,539 DEBUG Bus Bus:step:61 - running
18:54:09,539 DEBUG Bus Bus:step:49 - going to 8
18:54:09,539 DEBUG Walker4(4-2) Walker4(4-2):waitInBus:94 - checked walker
18:54:09,539 DEBUG Walker4(4-2) Walker4(4-2):waitInBus:99 - not my stop
18:54:09,539 DEBUG Walker4(4-2) Walker4(4-2):waitInBus:84 - sat in Bus
18:54:09,539 DEBUG Walker3(4-2) Walker3(4-2):waitInBus:94 - checked walker
18:54:09,539 DEBUG Walker3(4-2) Walker3(4-2):waitInBus:99 - not my stop
18:54:09,539 DEBUG Walker3(4-2) Walker3(4-2):waitInBus:84 - sat in Bus
18:54:09,539 DEBUG Bus Bus:notifyAllOnBS:68 - Loading Walkers...
18:54:09,539 DEBUG Bus Bus:step:61 - running
18:54:09,539 DEBUG Bus Bus:step:49 - going to 9
18:54:09,539 DEBUG Walker3(4-2) Walker3(4-2):waitInBus:94 - checked walker
18:54:09,539 DEBUG Walker3(4-2) Walker3(4-2):waitInBus:99 - not my stop
18:54:09,539 DEBUG Walker3(4-2) Walker3(4-2):waitInBus:84 - sat in Bus
18:54:09,539 DEBUG Walker4(4-2) Walker4(4-2):waitInBus:94 - checked walker
18:54:09,539 DEBUG Walker4(4-2) Walker4(4-2):waitInBus:99 - not my stop
18:54:09,539 DEBUG Walker4(4-2) Walker4(4-2):waitInBus:84 - sat in Bus
18:54:09,539 DEBUG Bus Bus:notifyAllOnBS:68 - Loading Walkers...
18:54:09,539 DEBUG Bus Bus:step:61 - running
18:54:09,539 DEBUG Bus Bus:step:49 - going to 10
18:54:09,539 DEBUG Walker4(4-2) Walker4(4-2):waitInBus:94 - checked walker
18:54:09,539 DEBUG Walker4(4-2) Walker4(4-2):waitInBus:99 - not my stop
18:54:09,539 DEBUG Walker4(4-2) Walker4(4-2):waitInBus:84 - sat in Bus
18:54:09,539 DEBUG Walker3(4-2) Walker3(4-2):waitInBus:94 - checked walker
18:54:09,539 DEBUG Walker3(4-2) Walker3(4-2):waitInBus:99 - not my stop
18:54:09,539 DEBUG Walker3(4-2) Walker3(4-2):waitInBus:84 - sat in Bus
18:54:09,539 DEBUG Bus Bus:notifyAllOnBS:68 - Loading Walkers...
18:54:09,539 DEBUG Bus Bus:step:61 - running
18:54:09,539 DEBUG Bus Bus:step:49 - going to 9
18:54:09,539 DEBUG Walker3(4-2) Walker3(4-2):waitInBus:94 - checked walker
18:54:09,539 DEBUG Walker3(4-2) Walker3(4-2):waitInBus:99 - not my stop
18:54:09,539 DEBUG Walker3(4-2) Walker3(4-2):waitInBus:84 - sat in Bus
18:54:09,539 DEBUG Walker4(4-2) Walker4(4-2):waitInBus:94 - checked walker
18:54:09,539 DEBUG Walker4(4-2) Walker4(4-2):waitInBus:99 - not my stop
18:54:09,539 DEBUG Walker4(4-2) Walker4(4-2):waitInBus:84 - sat in Bus
18:54:09,539 DEBUG Bus Bus:notifyAllOnBS:68 - Loading Walkers...
18:54:09,539 DEBUG Bus Bus:step:61 - running
18:54:09,539 DEBUG Bus Bus:step:49 - going to 8
18:54:09,539 DEBUG Walker4(4-2) Walker4(4-2):waitInBus:94 - checked walker
18:54:09,539 DEBUG Walker4(4-2) Walker4(4-2):waitInBus:99 - not my stop
18:54:09,539 DEBUG Walker4(4-2) Walker4(4-2):waitInBus:84 - sat in Bus
18:54:09,539 DEBUG Walker3(4-2) Walker3(4-2):waitInBus:94 - checked walker
18:54:09,539 DEBUG Walker3(4-2) Walker3(4-2):waitInBus:99 - not my stop
18:54:09,539 DEBUG Walker3(4-2) Walker3(4-2):waitInBus:84 - sat in Bus
18:54:09,539 DEBUG Bus Bus:notifyAllOnBS:68 - Loading Walkers...
18:54:09,539 DEBUG Bus Bus:step:61 - running
18:54:09,539 DEBUG Bus Bus:step:49 - going to 7
18:54:09,539 DEBUG Walker3(4-2) Walker3(4-2):waitInBus:94 - checked walker
18:54:09,539 DEBUG Walker3(4-2) Walker3(4-2):waitInBus:99 - not my stop
18:54:09,539 DEBUG Walker3(4-2) Walker3(4-2):waitInBus:84 - sat in Bus
18:54:09,539 DEBUG Walker4(4-2) Walker4(4-2):waitInBus:94 - checked walker
18:54:09,554 DEBUG Walker4(4-2) Walker4(4-2):waitInBus:99 - not my stop
18:54:09,554 DEBUG Walker4(4-2) Walker4(4-2):waitInBus:84 - sat in Bus
18:54:09,554 DEBUG Bus Bus:notifyAllOnBS:68 - Loading Walkers...
18:54:09,554 DEBUG Bus Bus:step:61 - running
18:54:09,554 DEBUG Bus Bus:step:49 - going to 6
18:54:09,554 DEBUG Walker4(4-2) Walker4(4-2):waitInBus:94 - checked walker
18:54:09,554 DEBUG Walker4(4-2) Walker4(4-2):waitInBus:99 - not my stop
18:54:09,554 DEBUG Walker4(4-2) Walker4(4-2):waitInBus:84 - sat in Bus
18:54:09,554 DEBUG Walker3(4-2) Walker3(4-2):waitInBus:94 - checked walker
18:54:09,554 DEBUG Walker3(4-2) Walker3(4-2):waitInBus:99 - not my stop
18:54:09,554 DEBUG Walker3(4-2) Walker3(4-2):waitInBus:84 - sat in Bus
18:54:09,554 DEBUG Bus Bus:notifyAllOnBS:68 - Loading Walkers...
18:54:09,554 DEBUG Bus Bus:step:61 - running
18:54:09,554 DEBUG Bus Bus:step:49 - going to 5
18:54:09,554 DEBUG Walker3(4-2) Walker3(4-2):waitInBus:94 - checked walker
18:54:09,554 DEBUG Walker3(4-2) Walker3(4-2):waitInBus:99 - not my stop
18:54:09,554 DEBUG Walker3(4-2) Walker3(4-2):waitInBus:84 - sat in Bus
18:54:09,554 DEBUG Walker4(4-2) Walker4(4-2):waitInBus:94 - checked walker
18:54:09,554 DEBUG Walker4(4-2) Walker4(4-2):waitInBus:99 - not my stop
18:54:09,554 DEBUG Walker4(4-2) Walker4(4-2):waitInBus:84 - sat in Bus
18:54:09,554 DEBUG Bus Bus:notifyAllOnBS:68 - Loading Walkers...
18:54:09,554 DEBUG Bus Bus:step:61 - running
18:54:09,554 DEBUG Bus Bus:step:49 - going to 4
18:54:09,554 DEBUG Walker4(4-2) Walker4(4-2):waitInBus:94 - checked walker
18:54:09,554 DEBUG Walker4(4-2) Walker4(4-2):waitInBus:99 - not my stop
18:54:09,554 DEBUG Walker4(4-2) Walker4(4-2):waitInBus:84 - sat in Bus
18:54:09,554 DEBUG Walker3(4-2) Walker3(4-2):waitInBus:94 - checked walker
18:54:09,554 DEBUG Walker3(4-2) Walker3(4-2):waitInBus:99 - not my stop
18:54:09,554 DEBUG Walker3(4-2) Walker3(4-2):waitInBus:84 - sat in Bus
18:54:09,554 DEBUG Bus Bus:notifyAllOnBS:68 - Loading Walkers...
18:54:09,554 DEBUG Walker1(4-2) Walker1(4-2):waitOnBS:37 - ooo Bus!!!
18:54:09,554 DEBUG Walker1(4-2) Walker1(4-2):waitOnBS:51 - oh, no places
18:54:09,554 DEBUG Walker1(4-2) Walker1(4-2):waitOnBS:35 - wait Bus...
18:54:09,554 DEBUG Bus Bus:step:61 - running
18:54:09,554 DEBUG Bus Bus:step:49 - going to 3
18:54:09,554 DEBUG Walker2(4-2) Walker2(4-2):waitOnBS:37 - ooo Bus!!!
18:54:09,554 DEBUG Walker2(4-2) Walker2(4-2):waitOnBS:51 - oh, no places
18:54:09,554 DEBUG Walker2(4-2) Walker2(4-2):waitOnBS:35 - wait Bus...
18:54:09,554 DEBUG Walker3(4-2) Walker3(4-2):waitInBus:94 - checked walker
18:54:09,554 DEBUG Walker3(4-2) Walker3(4-2):waitInBus:99 - not my stop
18:54:09,554 DEBUG Walker3(4-2) Walker3(4-2):waitInBus:84 - sat in Bus
18:54:09,554 DEBUG Walker4(4-2) Walker4(4-2):waitInBus:94 - checked walker
18:54:09,554 DEBUG Walker4(4-2) Walker4(4-2):waitInBus:99 - not my stop
18:54:09,554 DEBUG Walker4(4-2) Walker4(4-2):waitInBus:84 - sat in Bus
18:54:09,554 DEBUG Bus Bus:notifyAllOnBS:68 - Loading Walkers...
18:54:09,554 DEBUG Bus Bus:step:61 - running
18:54:09,554 DEBUG Bus Bus:step:49 - going to 2
18:54:09,554 DEBUG Walker4(4-2) Walker4(4-2):waitInBus:88 - end point
18:54:09,554 DEBUG Walker4(4-2) Walker4(4-2):waitInBus:94 - checked walker
18:54:09,554 DEBUG Walker4(4-2) Walker4(4-2):waitInBus:99 - not my stop
18:54:09,554 DEBUG Walker3(4-2) Walker3(4-2):waitInBus:88 - end point
18:54:09,554 DEBUG Walker3(4-2) Walker3(4-2):waitInBus:94 - checked walker
18:54:09,554 DEBUG Walker3(4-2) Walker3(4-2):waitInBus:99 - not my stop
18:54:09,554 DEBUG Bus Bus:notifyAllOnBS:68 - Loading Walkers...
18:54:09,554 DEBUG Bus Bus:step:61 - running
18:54:09,554 DEBUG Bus Bus:step:49 - going to 1
18:54:09,554 DEBUG Bus Bus:notifyAllOnBS:68 - Loading Walkers...
18:54:09,554 DEBUG Bus Bus:step:61 - running
18:54:09,554 DEBUG Bus Bus:step:49 - going to 0
18:54:09,554 DEBUG Bus Bus:notifyAllOnBS:68 - Loading Walkers...
18:54:09,554 DEBUG Bus Bus:step:61 - running
18:54:09,554 DEBUG Bus Bus:step:49 - going to 1
18:54:09,554 DEBUG Bus Bus:notifyAllOnBS:68 - Loading Walkers...
18:54:09,554 DEBUG Bus Bus:step:61 - running
18:54:09,554 DEBUG Bus Bus:step:49 - going to 2
18:54:09,554 DEBUG Bus Bus:notifyAllOnBS:68 - Loading Walkers...
18:54:09,554 DEBUG Bus Bus:step:61 - running
18:54:09,554 DEBUG Bus Bus:step:49 - going to 3
18:54:09,554 DEBUG Bus Bus:notifyAllOnBS:68 - Loading Walkers...
18:54:09,554 DEBUG Bus Bus:step:61 - running
18:54:09,554 DEBUG Bus Bus:step:49 - going to 4
18:54:09,554 DEBUG Bus Bus:notifyAllOnBS:68 - Loading Walkers...
18:54:09,554 DEBUG Walker2(4-2) Walker2(4-2):waitOnBS:37 - ooo Bus!!!
18:54:09,554 DEBUG Walker2(4-2) Walker2(4-2):waitOnBS:41 - I sat
18:54:09,554 DEBUG Walker2(4-2) Walker2(4-2):waitInBus:84 - sat in Bus
18:54:09,554 DEBUG Walker1(4-2) Walker1(4-2):waitOnBS:37 - ooo Bus!!!
18:54:09,554 DEBUG Walker1(4-2) Walker1(4-2):waitOnBS:41 - I sat
18:54:09,554 DEBUG Walker1(4-2) Walker1(4-2):waitInBus:84 - sat in Bus
18:54:09,554 DEBUG Bus Bus:step:61 - running
18:54:09,554 DEBUG Bus Bus:step:49 - going to 5
18:54:09,554 DEBUG Walker1(4-2) Walker1(4-2):waitInBus:94 - checked walker
18:54:09,554 DEBUG Walker1(4-2) Walker1(4-2):waitInBus:99 - not my stop
18:54:09,554 DEBUG Walker1(4-2) Walker1(4-2):waitInBus:84 - sat in Bus
18:54:09,554 DEBUG Bus Bus:notifyAllOnBS:68 - Loading Walkers...
18:54:09,554 DEBUG Bus Bus:step:61 - running
18:54:09,554 DEBUG Bus Bus:step:49 - going to 6
18:54:09,554 DEBUG Walker2(4-2) Walker2(4-2):waitInBus:94 - checked walker
18:54:09,570 DEBUG Walker2(4-2) Walker2(4-2):waitInBus:99 - not my stop
18:54:09,570 DEBUG Walker2(4-2) Walker2(4-2):waitInBus:84 - sat in Bus
18:54:09,570 DEBUG Walker2(4-2) Walker2(4-2):waitInBus:94 - checked walker
18:54:09,570 DEBUG Walker2(4-2) Walker2(4-2):waitInBus:99 - not my stop
18:54:09,570 DEBUG Walker2(4-2) Walker2(4-2):waitInBus:84 - sat in Bus
18:54:09,570 DEBUG Bus Bus:notifyAllOnBS:68 - Loading Walkers...
18:54:09,570 DEBUG Bus Bus:step:61 - running
18:54:09,570 DEBUG Bus Bus:step:49 - going to 7
18:54:09,570 DEBUG Walker1(4-2) Walker1(4-2):waitInBus:94 - checked walker
18:54:09,570 DEBUG Walker1(4-2) Walker1(4-2):waitInBus:99 - not my stop
18:54:09,570 DEBUG Walker1(4-2) Walker1(4-2):waitInBus:84 - sat in Bus
18:54:09,570 DEBUG Walker1(4-2) Walker1(4-2):waitInBus:94 - checked walker
18:54:09,570 DEBUG Walker1(4-2) Walker1(4-2):waitInBus:99 - not my stop
18:54:09,570 DEBUG Walker1(4-2) Walker1(4-2):waitInBus:84 - sat in Bus
18:54:09,570 DEBUG Bus Bus:notifyAllOnBS:68 - Loading Walkers...
18:54:09,570 DEBUG Bus Bus:step:61 - running
18:54:09,570 DEBUG Bus Bus:step:49 - going to 8
18:54:09,570 DEBUG Walker2(4-2) Walker2(4-2):waitInBus:94 - checked walker
18:54:09,570 DEBUG Walker2(4-2) Walker2(4-2):waitInBus:99 - not my stop
18:54:09,570 DEBUG Walker2(4-2) Walker2(4-2):waitInBus:84 - sat in Bus
18:54:09,570 DEBUG Walker2(4-2) Walker2(4-2):waitInBus:94 - checked walker
18:54:09,570 DEBUG Walker2(4-2) Walker2(4-2):waitInBus:99 - not my stop
18:54:09,570 DEBUG Walker2(4-2) Walker2(4-2):waitInBus:84 - sat in Bus
18:54:09,570 DEBUG Bus Bus:notifyAllOnBS:68 - Loading Walkers...
18:54:09,570 DEBUG Bus Bus:step:61 - running
18:54:09,570 DEBUG Bus Bus:step:49 - going to 9
18:54:09,570 DEBUG Walker1(4-2) Walker1(4-2):waitInBus:94 - checked walker
18:54:09,570 DEBUG Walker1(4-2) Walker1(4-2):waitInBus:99 - not my stop
18:54:09,570 DEBUG Walker1(4-2) Walker1(4-2):waitInBus:84 - sat in Bus
18:54:09,570 DEBUG Walker1(4-2) Walker1(4-2):waitInBus:94 - checked walker
18:54:09,570 DEBUG Walker1(4-2) Walker1(4-2):waitInBus:99 - not my stop
18:54:09,570 DEBUG Walker1(4-2) Walker1(4-2):waitInBus:84 - sat in Bus
18:54:09,570 DEBUG Bus Bus:notifyAllOnBS:68 - Loading Walkers...
18:54:09,570 DEBUG Bus Bus:step:61 - running
18:54:09,570 DEBUG Bus Bus:step:49 - going to 10
18:54:09,570 DEBUG Walker2(4-2) Walker2(4-2):waitInBus:94 - checked walker
18:54:09,570 DEBUG Walker2(4-2) Walker2(4-2):waitInBus:99 - not my stop
18:54:09,570 DEBUG Walker2(4-2) Walker2(4-2):waitInBus:84 - sat in Bus
18:54:09,570 DEBUG Walker2(4-2) Walker2(4-2):waitInBus:94 - checked walker
18:54:09,570 DEBUG Walker2(4-2) Walker2(4-2):waitInBus:99 - not my stop
18:54:09,570 DEBUG Walker2(4-2) Walker2(4-2):waitInBus:84 - sat in Bus
18:54:09,570 DEBUG Walker1(4-2) Walker1(4-2):waitInBus:94 - checked walker
18:54:09,570 DEBUG Walker1(4-2) Walker1(4-2):waitInBus:99 - not my stop
18:54:09,570 DEBUG Walker1(4-2) Walker1(4-2):waitInBus:84 - sat in Bus
18:54:09,570 DEBUG Bus Bus:notifyAllOnBS:68 - Loading Walkers...
18:54:09,570 DEBUG Bus Bus:step:61 - running
18:54:09,570 DEBUG Bus Bus:step:49 - going to 9
18:54:09,570 DEBUG Walker1(4-2) Walker1(4-2):waitInBus:94 - checked walker
18:54:09,570 DEBUG Walker1(4-2) Walker1(4-2):waitInBus:99 - not my stop
18:54:09,570 DEBUG Walker1(4-2) Walker1(4-2):waitInBus:84 - sat in Bus
18:54:09,570 DEBUG Walker2(4-2) Walker2(4-2):waitInBus:94 - checked walker
18:54:09,570 DEBUG Walker2(4-2) Walker2(4-2):waitInBus:99 - not my stop
18:54:09,570 DEBUG Walker2(4-2) Walker2(4-2):waitInBus:84 - sat in Bus
18:54:09,570 DEBUG Bus Bus:notifyAllOnBS:68 - Loading Walkers...
18:54:09,570 DEBUG Bus Bus:step:61 - running
18:54:09,570 DEBUG Bus Bus:step:49 - going to 8
18:54:09,570 DEBUG Walker2(4-2) Walker2(4-2):waitInBus:94 - checked walker
18:54:09,570 DEBUG Walker2(4-2) Walker2(4-2):waitInBus:99 - not my stop
18:54:09,570 DEBUG Walker2(4-2) Walker2(4-2):waitInBus:84 - sat in Bus
18:54:09,570 DEBUG Bus Bus:notifyAllOnBS:68 - Loading Walkers...
18:54:09,570 DEBUG Bus Bus:step:61 - running
18:54:09,570 DEBUG Bus Bus:step:49 - going to 7
18:54:09,570 DEBUG Walker1(4-2) Walker1(4-2):waitInBus:94 - checked walker
18:54:09,570 DEBUG Walker1(4-2) Walker1(4-2):waitInBus:99 - not my stop
18:54:09,570 DEBUG Walker1(4-2) Walker1(4-2):waitInBus:84 - sat in Bus
18:54:09,570 DEBUG Walker1(4-2) Walker1(4-2):waitInBus:94 - checked walker
18:54:09,570 DEBUG Walker1(4-2) Walker1(4-2):waitInBus:99 - not my stop
18:54:09,570 DEBUG Walker1(4-2) Walker1(4-2):waitInBus:84 - sat in Bus
18:54:09,570 DEBUG Bus Bus:notifyAllOnBS:68 - Loading Walkers...
18:54:09,570 DEBUG Bus Bus:step:61 - running
18:54:09,570 DEBUG Bus Bus:step:49 - going to 6
18:54:09,570 DEBUG Walker2(4-2) Walker2(4-2):waitInBus:94 - checked walker
18:54:09,570 DEBUG Walker2(4-2) Walker2(4-2):waitInBus:99 - not my stop
18:54:09,570 DEBUG Walker2(4-2) Walker2(4-2):waitInBus:84 - sat in Bus
18:54:09,570 DEBUG Walker2(4-2) Walker2(4-2):waitInBus:94 - checked walker
18:54:09,570 DEBUG Walker2(4-2) Walker2(4-2):waitInBus:99 - not my stop
18:54:09,570 DEBUG Walker2(4-2) Walker2(4-2):waitInBus:84 - sat in Bus
18:54:09,570 DEBUG Bus Bus:notifyAllOnBS:68 - Loading Walkers...
18:54:09,570 DEBUG Bus Bus:step:61 - running
18:54:09,570 DEBUG Bus Bus:step:49 - going to 5
18:54:09,570 DEBUG Walker1(4-2) Walker1(4-2):waitInBus:94 - checked walker
18:54:09,586 DEBUG Walker1(4-2) Walker1(4-2):waitInBus:99 - not my stop
18:54:09,586 DEBUG Walker1(4-2) Walker1(4-2):waitInBus:84 - sat in Bus
18:54:09,586 DEBUG Walker1(4-2) Walker1(4-2):waitInBus:94 - checked walker
18:54:09,586 DEBUG Walker1(4-2) Walker1(4-2):waitInBus:99 - not my stop
18:54:09,586 DEBUG Walker1(4-2) Walker1(4-2):waitInBus:84 - sat in Bus
18:54:09,586 DEBUG Bus Bus:notifyAllOnBS:68 - Loading Walkers...
18:54:09,586 DEBUG Bus Bus:step:61 - running
18:54:09,586 DEBUG Bus Bus:step:49 - going to 4
18:54:09,586 DEBUG Walker2(4-2) Walker2(4-2):waitInBus:94 - checked walker
18:54:09,586 DEBUG Walker2(4-2) Walker2(4-2):waitInBus:99 - not my stop
18:54:09,586 DEBUG Walker2(4-2) Walker2(4-2):waitInBus:84 - sat in Bus
18:54:09,586 DEBUG Walker2(4-2) Walker2(4-2):waitInBus:94 - checked walker
18:54:09,586 DEBUG Walker2(4-2) Walker2(4-2):waitInBus:99 - not my stop
18:54:09,586 DEBUG Walker2(4-2) Walker2(4-2):waitInBus:84 - sat in Bus
18:54:09,586 DEBUG Bus Bus:notifyAllOnBS:68 - Loading Walkers...
18:54:09,586 DEBUG Bus Bus:step:61 - running
18:54:09,586 DEBUG Bus Bus:step:49 - going to 3
18:54:09,586 DEBUG Walker1(4-2) Walker1(4-2):waitInBus:94 - checked walker
18:54:09,586 DEBUG Walker1(4-2) Walker1(4-2):waitInBus:99 - not my stop
18:54:09,586 DEBUG Walker1(4-2) Walker1(4-2):waitInBus:84 - sat in Bus
18:54:09,586 DEBUG Walker1(4-2) Walker1(4-2):waitInBus:94 - checked walker
18:54:09,586 DEBUG Walker1(4-2) Walker1(4-2):waitInBus:99 - not my stop
18:54:09,586 DEBUG Walker1(4-2) Walker1(4-2):waitInBus:84 - sat in Bus
18:54:09,586 DEBUG Bus Bus:notifyAllOnBS:68 - Loading Walkers...
18:54:09,586 DEBUG Bus Bus:step:61 - running
18:54:09,586 DEBUG Bus Bus:step:49 - going to 2
18:54:09,586 DEBUG Walker2(4-2) Walker2(4-2):waitInBus:94 - checked walker
18:54:09,586 DEBUG Walker2(4-2) Walker2(4-2):waitInBus:99 - not my stop
18:54:09,586 DEBUG Walker2(4-2) Walker2(4-2):waitInBus:84 - sat in Bus
18:54:09,586 DEBUG Walker2(4-2) Walker2(4-2):waitInBus:88 - end point
18:54:09,586 DEBUG Walker2(4-2) Walker2(4-2):waitInBus:94 - checked walker
18:54:09,586 DEBUG Walker2(4-2) Walker2(4-2):waitInBus:99 - not my stop
18:54:09,586 DEBUG Walker1(4-2) Walker1(4-2):waitInBus:88 - end point
18:54:09,586 DEBUG Walker1(4-2) Walker1(4-2):waitInBus:94 - checked walker
18:54:09,586 DEBUG Walker1(4-2) Walker1(4-2):waitInBus:99 - not my stop
18:54:40,475 DEBUG Walker4(4-2) Walker4(4-2):waitOnBS:35 - wait Bus...
18:54:40,475 DEBUG Walker2(4-2) Walker2(4-2):waitOnBS:35 - wait Bus...
18:54:40,475 DEBUG Walker3(4-2) Walker3(4-2):waitOnBS:35 - wait Bus...
18:54:40,475 DEBUG Walker1(4-2) Walker1(4-2):waitOnBS:35 - wait Bus...
18:54:42,490 DEBUG Bus Bus:run:24 - Start
18:54:42,490 DEBUG Bus Bus:step:49 - going to 0
18:54:42,490 DEBUG Bus Bus:notifyAllOnBS:68 - Loading Walkers...
18:54:42,490 DEBUG Bus Bus:step:61 - running
18:54:42,490 DEBUG Bus Bus:step:49 - going to 1
18:54:42,490 DEBUG Bus Bus:notifyAllOnBS:68 - Loading Walkers...
18:54:42,490 DEBUG Bus Bus:step:61 - running
18:54:42,490 DEBUG Bus Bus:step:49 - going to 2
18:54:42,490 DEBUG Bus Bus:notifyAllOnBS:68 - Loading Walkers...
18:54:42,490 DEBUG Bus Bus:step:61 - running
18:54:42,490 DEBUG Bus Bus:step:49 - going to 3
18:54:42,490 DEBUG Bus Bus:notifyAllOnBS:68 - Loading Walkers...
18:54:42,490 DEBUG Bus Bus:step:61 - running
18:54:42,490 DEBUG Bus Bus:step:49 - going to 4
18:54:42,490 DEBUG Bus Bus:notifyAllOnBS:68 - Loading Walkers...
18:54:42,490 DEBUG Walker1(4-2) Walker1(4-2):waitOnBS:37 - ooo Bus!!!
18:54:42,490 DEBUG Walker1(4-2) Walker1(4-2):waitOnBS:41 - I sat
18:54:42,490 DEBUG Walker1(4-2) Walker1(4-2):waitInBus:84 - sat in Bus
18:54:42,490 DEBUG Walker3(4-2) Walker3(4-2):waitOnBS:37 - ooo Bus!!!
18:54:42,490 DEBUG Walker3(4-2) Walker3(4-2):waitOnBS:41 - I sat
18:54:42,490 DEBUG Walker3(4-2) Walker3(4-2):waitInBus:84 - sat in Bus
18:54:42,490 DEBUG Walker2(4-2) Walker2(4-2):waitOnBS:37 - ooo Bus!!!
18:54:42,490 DEBUG Walker2(4-2) Walker2(4-2):waitOnBS:51 - oh, no places
18:54:42,490 DEBUG Walker2(4-2) Walker2(4-2):waitOnBS:35 - wait Bus...
18:54:42,490 DEBUG Bus Bus:step:61 - running
18:54:42,490 DEBUG Bus Bus:step:49 - going to 5
18:54:42,490 DEBUG Walker4(4-2) Walker4(4-2):waitOnBS:37 - ooo Bus!!!
18:54:42,490 DEBUG Walker4(4-2) Walker4(4-2):waitOnBS:51 - oh, no places
18:54:42,490 DEBUG Walker4(4-2) Walker4(4-2):waitOnBS:35 - wait Bus...
18:54:42,490 DEBUG Walker3(4-2) Walker3(4-2):waitInBus:94 - checked walker
18:54:42,490 DEBUG Walker3(4-2) Walker3(4-2):waitInBus:99 - not my stop
18:54:42,490 DEBUG Walker3(4-2) Walker3(4-2):waitInBus:84 - sat in Bus
18:54:42,490 DEBUG Walker1(4-2) Walker1(4-2):waitInBus:94 - checked walker
18:54:42,490 DEBUG Walker1(4-2) Walker1(4-2):waitInBus:99 - not my stop
18:54:42,490 DEBUG Walker1(4-2) Walker1(4-2):waitInBus:84 - sat in Bus
18:56:19,855 DEBUG Walker4(4-2) Walker4(4-2):waitOnBS:35 - wait Bus...
18:56:19,855 DEBUG Walker2(4-2) Walker2(4-2):waitOnBS:35 - wait Bus...
18:56:19,855 DEBUG Walker3(4-2) Walker3(4-2):waitOnBS:35 - wait Bus...
18:56:19,855 DEBUG Walker1(4-2) Walker1(4-2):waitOnBS:35 - wait Bus...
18:56:21,856 DEBUG Bus Bus:run:24 - Start
18:56:21,856 DEBUG Bus Bus:step:49 - going to 0
18:56:21,856 DEBUG Bus Bus:notifyAllOnBS:68 - Loading Walkers...
18:56:21,856 DEBUG Bus Bus:step:61 - running
18:56:21,856 DEBUG Bus Bus:step:49 - going to 1
18:56:21,856 DEBUG Bus Bus:notifyAllOnBS:68 - Loading Walkers...
18:56:21,856 DEBUG Bus Bus:step:61 - running
18:56:21,856 DEBUG Bus Bus:step:49 - going to 2
18:56:21,856 DEBUG Bus Bus:notifyAllOnBS:68 - Loading Walkers...
18:56:21,856 DEBUG Bus Bus:step:61 - running
18:56:21,856 DEBUG Bus Bus:step:49 - going to 3
18:56:21,856 DEBUG Bus Bus:notifyAllOnBS:68 - Loading Walkers...
18:56:21,856 DEBUG Bus Bus:step:61 - running
18:56:21,856 DEBUG Bus Bus:step:49 - going to 4
18:56:21,856 DEBUG Bus Bus:notifyAllOnBS:68 - Loading Walkers...
18:56:21,856 DEBUG Walker1(4-2) Walker1(4-2):waitOnBS:37 - ooo Bus!!!
18:56:21,856 DEBUG Walker1(4-2) Walker1(4-2):waitOnBS:41 - I sat
18:56:21,856 DEBUG Walker1(4-2) Walker1(4-2):waitInBus:84 - sat in Bus
18:56:21,856 DEBUG Walker3(4-2) Walker3(4-2):waitOnBS:37 - ooo Bus!!!
18:56:21,856 DEBUG Walker3(4-2) Walker3(4-2):waitOnBS:41 - I sat
18:56:21,856 DEBUG Walker3(4-2) Walker3(4-2):waitInBus:84 - sat in Bus
18:56:21,856 DEBUG Walker2(4-2) Walker2(4-2):waitOnBS:37 - ooo Bus!!!
18:56:21,856 DEBUG Walker2(4-2) Walker2(4-2):waitOnBS:51 - oh, no places
18:56:21,856 DEBUG Walker2(4-2) Walker2(4-2):waitOnBS:35 - wait Bus...
18:56:21,856 DEBUG Bus Bus:step:61 - running
18:56:21,871 DEBUG Bus Bus:step:49 - going to 5
18:56:21,856 DEBUG Walker4(4-2) Walker4(4-2):waitOnBS:37 - ooo Bus!!!
18:56:21,871 DEBUG Walker4(4-2) Walker4(4-2):waitOnBS:51 - oh, no places
18:56:21,871 DEBUG Walker4(4-2) Walker4(4-2):waitOnBS:35 - wait Bus...
18:56:21,871 DEBUG Walker3(4-2) Walker3(4-2):waitInBus:94 - checked walker
18:56:21,871 DEBUG Walker3(4-2) Walker3(4-2):waitInBus:99 - not my stop
18:56:21,871 DEBUG Walker3(4-2) Walker3(4-2):waitInBus:84 - sat in Bus
18:56:21,871 DEBUG Walker1(4-2) Walker1(4-2):waitInBus:94 - checked walker
18:56:21,871 DEBUG Walker1(4-2) Walker1(4-2):waitInBus:99 - not my stop
18:56:21,871 DEBUG Walker1(4-2) Walker1(4-2):waitInBus:84 - sat in Bus
18:56:21,871 DEBUG Bus Bus:notifyAllOnBS:68 - Loading Walkers...
18:56:21,871 DEBUG Bus Bus:step:61 - running
18:56:21,871 DEBUG Bus Bus:step:49 - going to 6
18:56:21,871 DEBUG Walker1(4-2) Walker1(4-2):waitInBus:94 - checked walker
18:56:21,871 DEBUG Walker1(4-2) Walker1(4-2):waitInBus:99 - not my stop
18:56:21,871 DEBUG Walker1(4-2) Walker1(4-2):waitInBus:84 - sat in Bus
18:56:21,871 DEBUG Walker3(4-2) Walker3(4-2):waitInBus:94 - checked walker
18:56:21,871 DEBUG Walker3(4-2) Walker3(4-2):waitInBus:99 - not my stop
18:56:21,871 DEBUG Walker3(4-2) Walker3(4-2):waitInBus:84 - sat in Bus
18:56:21,871 DEBUG Bus Bus:notifyAllOnBS:68 - Loading Walkers...
18:56:21,871 DEBUG Bus Bus:step:61 - running
18:56:21,871 DEBUG Bus Bus:step:49 - going to 7
18:56:21,871 DEBUG Walker3(4-2) Walker3(4-2):waitInBus:94 - checked walker
18:56:21,871 DEBUG Walker3(4-2) Walker3(4-2):waitInBus:99 - not my stop
18:56:21,871 DEBUG Walker3(4-2) Walker3(4-2):waitInBus:84 - sat in Bus
18:56:21,871 DEBUG Walker1(4-2) Walker1(4-2):waitInBus:94 - checked walker
18:56:21,871 DEBUG Walker1(4-2) Walker1(4-2):waitInBus:99 - not my stop
18:56:21,871 DEBUG Walker1(4-2) Walker1(4-2):waitInBus:84 - sat in Bus
18:56:21,871 DEBUG Bus Bus:notifyAllOnBS:68 - Loading Walkers...
18:56:21,887 DEBUG Bus Bus:step:61 - running
18:56:21,887 DEBUG Bus Bus:step:49 - going to 8
18:56:21,887 DEBUG Walker1(4-2) Walker1(4-2):waitInBus:94 - checked walker
18:56:21,887 DEBUG Walker1(4-2) Walker1(4-2):waitInBus:99 - not my stop
18:56:21,887 DEBUG Walker1(4-2) Walker1(4-2):waitInBus:84 - sat in Bus
18:56:21,887 DEBUG Walker3(4-2) Walker3(4-2):waitInBus:94 - checked walker
18:56:21,887 DEBUG Walker3(4-2) Walker3(4-2):waitInBus:99 - not my stop
18:56:21,887 DEBUG Walker3(4-2) Walker3(4-2):waitInBus:84 - sat in Bus
18:56:21,887 DEBUG Bus Bus:notifyAllOnBS:68 - Loading Walkers...
18:56:21,887 DEBUG Bus Bus:step:61 - running
18:56:21,887 DEBUG Bus Bus:step:49 - going to 9
18:56:21,887 DEBUG Walker3(4-2) Walker3(4-2):waitInBus:94 - checked walker
18:56:21,887 DEBUG Walker3(4-2) Walker3(4-2):waitInBus:99 - not my stop
18:56:21,887 DEBUG Walker3(4-2) Walker3(4-2):waitInBus:84 - sat in Bus
18:56:21,887 DEBUG Walker1(4-2) Walker1(4-2):waitInBus:94 - checked walker
18:56:21,887 DEBUG Walker1(4-2) Walker1(4-2):waitInBus:99 - not my stop
18:56:21,887 DEBUG Walker1(4-2) Walker1(4-2):waitInBus:84 - sat in Bus
18:56:21,887 DEBUG Bus Bus:notifyAllOnBS:68 - Loading Walkers...
18:56:21,887 DEBUG Bus Bus:step:61 - running
18:56:21,887 DEBUG Bus Bus:step:49 - going to 10
18:56:21,887 DEBUG Walker1(4-2) Walker1(4-2):waitInBus:94 - checked walker
18:56:21,887 DEBUG Walker1(4-2) Walker1(4-2):waitInBus:99 - not my stop
18:56:21,887 DEBUG Walker1(4-2) Walker1(4-2):waitInBus:84 - sat in Bus
18:56:21,887 DEBUG Walker3(4-2) Walker3(4-2):waitInBus:94 - checked walker
18:56:21,887 DEBUG Walker3(4-2) Walker3(4-2):waitInBus:99 - not my stop
18:56:21,887 DEBUG Walker3(4-2) Walker3(4-2):waitInBus:84 - sat in Bus
18:56:21,887 DEBUG Bus Bus:notifyAllOnBS:68 - Loading Walkers...
18:56:21,887 DEBUG Bus Bus:step:61 - running
18:56:21,887 DEBUG Bus Bus:step:49 - going to 9
18:56:21,887 DEBUG Walker3(4-2) Walker3(4-2):waitInBus:94 - checked walker
18:56:21,887 DEBUG Walker3(4-2) Walker3(4-2):waitInBus:99 - not my stop
18:56:21,887 DEBUG Walker3(4-2) Walker3(4-2):waitInBus:84 - sat in Bus
18:56:21,902 DEBUG Walker1(4-2) Walker1(4-2):waitInBus:94 - checked walker
18:56:21,902 DEBUG Walker1(4-2) Walker1(4-2):waitInBus:99 - not my stop
18:56:21,902 DEBUG Walker1(4-2) Walker1(4-2):waitInBus:84 - sat in Bus
18:56:21,902 DEBUG Bus Bus:notifyAllOnBS:68 - Loading Walkers...
18:56:21,902 DEBUG Bus Bus:step:61 - running
18:56:21,902 DEBUG Bus Bus:step:49 - going to 8
18:56:21,902 DEBUG Walker1(4-2) Walker1(4-2):waitInBus:94 - checked walker
18:56:21,902 DEBUG Walker1(4-2) Walker1(4-2):waitInBus:99 - not my stop
18:56:21,902 DEBUG Walker1(4-2) Walker1(4-2):waitInBus:84 - sat in Bus
18:56:21,902 DEBUG Walker3(4-2) Walker3(4-2):waitInBus:94 - checked walker
18:56:21,902 DEBUG Walker3(4-2) Walker3(4-2):waitInBus:99 - not my stop
18:56:21,902 DEBUG Walker3(4-2) Walker3(4-2):waitInBus:84 - sat in Bus
18:56:21,902 DEBUG Bus Bus:notifyAllOnBS:68 - Loading Walkers...
18:56:21,902 DEBUG Bus Bus:step:61 - running
18:56:21,902 DEBUG Bus Bus:step:49 - going to 7
18:56:21,902 DEBUG Walker3(4-2) Walker3(4-2):waitInBus:94 - checked walker
18:56:21,902 DEBUG Walker3(4-2) Walker3(4-2):waitInBus:99 - not my stop
18:56:21,902 DEBUG Walker3(4-2) Walker3(4-2):waitInBus:84 - sat in Bus
18:56:21,902 DEBUG Walker1(4-2) Walker1(4-2):waitInBus:94 - checked walker
18:56:21,902 DEBUG Walker1(4-2) Walker1(4-2):waitInBus:99 - not my stop
18:56:21,902 DEBUG Walker1(4-2) Walker1(4-2):waitInBus:84 - sat in Bus
18:56:21,902 DEBUG Bus Bus:notifyAllOnBS:68 - Loading Walkers...
18:56:21,902 DEBUG Bus Bus:step:61 - running
18:56:21,902 DEBUG Bus Bus:step:49 - going to 6
18:56:21,902 DEBUG Walker1(4-2) Walker1(4-2):waitInBus:94 - checked walker
18:56:21,902 DEBUG Walker1(4-2) Walker1(4-2):waitInBus:99 - not my stop
18:56:21,902 DEBUG Walker1(4-2) Walker1(4-2):waitInBus:84 - sat in Bus
18:56:21,902 DEBUG Walker3(4-2) Walker3(4-2):waitInBus:94 - checked walker
18:56:21,902 DEBUG Walker3(4-2) Walker3(4-2):waitInBus:99 - not my stop
18:56:21,902 DEBUG Walker3(4-2) Walker3(4-2):waitInBus:84 - sat in Bus
18:56:21,902 DEBUG Bus Bus:notifyAllOnBS:68 - Loading Walkers...
18:56:21,902 DEBUG Bus Bus:step:61 - running
18:56:21,902 DEBUG Bus Bus:step:49 - going to 5
18:56:21,902 DEBUG Walker3(4-2) Walker3(4-2):waitInBus:94 - checked walker
18:56:21,902 DEBUG Walker3(4-2) Walker3(4-2):waitInBus:99 - not my stop
18:56:21,902 DEBUG Walker3(4-2) Walker3(4-2):waitInBus:84 - sat in Bus
18:56:21,902 DEBUG Walker1(4-2) Walker1(4-2):waitInBus:94 - checked walker
18:56:21,902 DEBUG Walker1(4-2) Walker1(4-2):waitInBus:99 - not my stop
18:56:21,902 DEBUG Walker1(4-2) Walker1(4-2):waitInBus:84 - sat in Bus
18:56:21,902 DEBUG Bus Bus:notifyAllOnBS:68 - Loading Walkers...
18:56:21,902 DEBUG Bus Bus:step:61 - running
18:56:21,902 DEBUG Bus Bus:step:49 - going to 4
18:56:21,902 DEBUG Walker1(4-2) Walker1(4-2):waitInBus:94 - checked walker
18:56:21,902 DEBUG Walker1(4-2) Walker1(4-2):waitInBus:99 - not my stop
18:56:21,902 DEBUG Walker1(4-2) Walker1(4-2):waitInBus:84 - sat in Bus
18:56:21,902 DEBUG Walker3(4-2) Walker3(4-2):waitInBus:94 - checked walker
18:56:21,902 DEBUG Walker3(4-2) Walker3(4-2):waitInBus:99 - not my stop
18:56:21,902 DEBUG Walker3(4-2) Walker3(4-2):waitInBus:84 - sat in Bus
18:56:21,902 DEBUG Bus Bus:notifyAllOnBS:68 - Loading Walkers...
18:56:21,902 DEBUG Walker4(4-2) Walker4(4-2):waitOnBS:37 - ooo Bus!!!
18:56:21,902 DEBUG Walker4(4-2) Walker4(4-2):waitOnBS:51 - oh, no places
18:56:21,902 DEBUG Walker4(4-2) Walker4(4-2):waitOnBS:35 - wait Bus...
18:56:21,902 DEBUG Bus Bus:step:61 - running
18:56:21,902 DEBUG Bus Bus:step:49 - going to 3
18:56:21,902 DEBUG Walker2(4-2) Walker2(4-2):waitOnBS:37 - ooo Bus!!!
18:56:21,902 DEBUG Walker2(4-2) Walker2(4-2):waitOnBS:51 - oh, no places
18:56:21,902 DEBUG Walker2(4-2) Walker2(4-2):waitOnBS:35 - wait Bus...
18:56:21,902 DEBUG Walker3(4-2) Walker3(4-2):waitInBus:94 - checked walker
18:56:21,902 DEBUG Walker3(4-2) Walker3(4-2):waitInBus:99 - not my stop
18:56:21,918 DEBUG Walker3(4-2) Walker3(4-2):waitInBus:84 - sat in Bus
18:56:21,918 DEBUG Walker1(4-2) Walker1(4-2):waitInBus:94 - checked walker
18:56:21,918 DEBUG Walker1(4-2) Walker1(4-2):waitInBus:99 - not my stop
18:56:21,918 DEBUG Walker1(4-2) Walker1(4-2):waitInBus:84 - sat in Bus
18:56:21,918 DEBUG Bus Bus:notifyAllOnBS:68 - Loading Walkers...
18:56:21,918 DEBUG Bus Bus:step:61 - running
18:56:21,918 DEBUG Bus Bus:step:49 - going to 2
18:56:21,918 DEBUG Walker1(4-2) Walker1(4-2):waitInBus:88 - end point
18:56:21,918 DEBUG Walker1(4-2) Walker1(4-2):waitInBus:94 - checked walker
18:56:21,918 DEBUG Walker1(4-2) Walker1(4-2):waitInBus:99 - not my stop
18:56:21,918 DEBUG Walker3(4-2) Walker3(4-2):waitInBus:88 - end point
18:56:21,918 DEBUG Walker3(4-2) Walker3(4-2):waitInBus:94 - checked walker
18:56:21,918 DEBUG Walker3(4-2) Walker3(4-2):waitInBus:99 - not my stop
18:56:21,918 DEBUG Bus Bus:notifyAllOnBS:68 - Loading Walkers...
18:56:21,918 DEBUG Bus Bus:step:61 - running
18:56:21,918 DEBUG Bus Bus:step:49 - going to 1
18:56:21,918 DEBUG Bus Bus:notifyAllOnBS:68 - Loading Walkers...
18:56:21,918 DEBUG Bus Bus:step:61 - running
18:56:21,918 DEBUG Bus Bus:step:49 - going to 0
18:56:21,918 DEBUG Bus Bus:notifyAllOnBS:68 - Loading Walkers...
18:56:21,918 DEBUG Bus Bus:step:61 - running
18:56:21,918 DEBUG Bus Bus:step:49 - going to 1
18:56:21,918 DEBUG Bus Bus:notifyAllOnBS:68 - Loading Walkers...
18:56:21,918 DEBUG Bus Bus:step:61 - running
18:56:21,918 DEBUG Bus Bus:step:49 - going to 2
18:56:21,918 DEBUG Bus Bus:notifyAllOnBS:68 - Loading Walkers...
18:56:21,918 DEBUG Bus Bus:step:61 - running
18:56:21,918 DEBUG Bus Bus:step:49 - going to 3
18:56:21,918 DEBUG Bus Bus:notifyAllOnBS:68 - Loading Walkers...
18:56:21,918 DEBUG Bus Bus:step:61 - running
18:56:21,918 DEBUG Bus Bus:step:49 - going to 4
18:56:21,918 DEBUG Bus Bus:notifyAllOnBS:68 - Loading Walkers...
18:56:21,918 DEBUG Walker2(4-2) Walker2(4-2):waitOnBS:37 - ooo Bus!!!
18:56:21,918 DEBUG Walker2(4-2) Walker2(4-2):waitOnBS:41 - I sat
18:56:21,918 DEBUG Walker2(4-2) Walker2(4-2):waitInBus:84 - sat in Bus
18:56:21,918 DEBUG Walker4(4-2) Walker4(4-2):waitOnBS:37 - ooo Bus!!!
18:56:21,918 DEBUG Walker4(4-2) Walker4(4-2):waitOnBS:41 - I sat
18:56:21,918 DEBUG Walker4(4-2) Walker4(4-2):waitInBus:84 - sat in Bus
18:56:21,918 DEBUG Bus Bus:step:61 - running
18:56:21,918 DEBUG Bus Bus:step:49 - going to 5
18:56:21,918 DEBUG Walker4(4-2) Walker4(4-2):waitInBus:94 - checked walker
18:56:21,918 DEBUG Walker4(4-2) Walker4(4-2):waitInBus:99 - not my stop
18:56:21,918 DEBUG Walker4(4-2) Walker4(4-2):waitInBus:84 - sat in Bus
18:56:21,918 DEBUG Walker2(4-2) Walker2(4-2):waitInBus:94 - checked walker
18:56:21,918 DEBUG Walker2(4-2) Walker2(4-2):waitInBus:99 - not my stop
18:56:21,918 DEBUG Walker2(4-2) Walker2(4-2):waitInBus:84 - sat in Bus
18:56:21,918 DEBUG Bus Bus:notifyAllOnBS:68 - Loading Walkers...
18:56:21,918 DEBUG Bus Bus:step:61 - running
18:56:21,918 DEBUG Bus Bus:step:49 - going to 6
18:56:21,918 DEBUG Walker2(4-2) Walker2(4-2):waitInBus:94 - checked walker
18:56:21,918 DEBUG Walker2(4-2) Walker2(4-2):waitInBus:99 - not my stop
18:56:21,918 DEBUG Walker2(4-2) Walker2(4-2):waitInBus:84 - sat in Bus
18:56:21,918 DEBUG Walker4(4-2) Walker4(4-2):waitInBus:94 - checked walker
18:56:21,918 DEBUG Walker4(4-2) Walker4(4-2):waitInBus:99 - not my stop
18:56:21,918 DEBUG Walker4(4-2) Walker4(4-2):waitInBus:84 - sat in Bus
18:56:21,918 DEBUG Bus Bus:notifyAllOnBS:68 - Loading Walkers...
18:56:21,918 DEBUG Bus Bus:step:61 - running
18:56:21,918 DEBUG Bus Bus:step:49 - going to 7
18:56:21,918 DEBUG Walker4(4-2) Walker4(4-2):waitInBus:94 - checked walker
18:56:21,918 DEBUG Walker4(4-2) Walker4(4-2):waitInBus:99 - not my stop
18:56:21,918 DEBUG Walker4(4-2) Walker4(4-2):waitInBus:84 - sat in Bus
18:56:21,918 DEBUG Walker2(4-2) Walker2(4-2):waitInBus:94 - checked walker
18:56:21,918 DEBUG Walker2(4-2) Walker2(4-2):waitInBus:99 - not my stop
18:56:21,918 DEBUG Walker2(4-2) Walker2(4-2):waitInBus:84 - sat in Bus
18:56:21,918 DEBUG Bus Bus:notifyAllOnBS:68 - Loading Walkers...
18:56:21,918 DEBUG Bus Bus:step:61 - running
18:56:21,918 DEBUG Bus Bus:step:49 - going to 8
18:56:21,918 DEBUG Walker2(4-2) Walker2(4-2):waitInBus:94 - checked walker
18:56:21,918 DEBUG Walker2(4-2) Walker2(4-2):waitInBus:99 - not my stop
18:56:21,918 DEBUG Walker2(4-2) Walker2(4-2):waitInBus:84 - sat in Bus
18:56:21,934 DEBUG Walker4(4-2) Walker4(4-2):waitInBus:94 - checked walker
18:56:21,934 DEBUG Walker4(4-2) Walker4(4-2):waitInBus:99 - not my stop
18:56:21,934 DEBUG Walker4(4-2) Walker4(4-2):waitInBus:84 - sat in Bus
18:56:21,934 DEBUG Bus Bus:notifyAllOnBS:68 - Loading Walkers...
18:56:21,934 DEBUG Bus Bus:step:61 - running
18:56:21,934 DEBUG Bus Bus:step:49 - going to 9
18:56:21,934 DEBUG Walker4(4-2) Walker4(4-2):waitInBus:94 - checked walker
18:56:21,934 DEBUG Walker4(4-2) Walker4(4-2):waitInBus:99 - not my stop
18:56:21,934 DEBUG Walker4(4-2) Walker4(4-2):waitInBus:84 - sat in Bus
18:56:21,934 DEBUG Walker2(4-2) Walker2(4-2):waitInBus:94 - checked walker
18:56:21,934 DEBUG Walker2(4-2) Walker2(4-2):waitInBus:99 - not my stop
18:56:21,934 DEBUG Walker2(4-2) Walker2(4-2):waitInBus:84 - sat in Bus
18:56:21,934 DEBUG Bus Bus:notifyAllOnBS:68 - Loading Walkers...
18:56:21,934 DEBUG Bus Bus:step:61 - running
18:56:21,934 DEBUG Bus Bus:step:49 - going to 10
18:56:21,934 DEBUG Walker2(4-2) Walker2(4-2):waitInBus:94 - checked walker
18:56:21,934 DEBUG Walker2(4-2) Walker2(4-2):waitInBus:99 - not my stop
18:56:21,934 DEBUG Walker2(4-2) Walker2(4-2):waitInBus:84 - sat in Bus
18:56:21,934 DEBUG Walker4(4-2) Walker4(4-2):waitInBus:94 - checked walker
18:56:21,934 DEBUG Walker4(4-2) Walker4(4-2):waitInBus:99 - not my stop
18:56:21,934 DEBUG Walker4(4-2) Walker4(4-2):waitInBus:84 - sat in Bus
18:56:21,934 DEBUG Bus Bus:notifyAllOnBS:68 - Loading Walkers...
18:56:21,934 DEBUG Bus Bus:step:61 - running
18:56:21,934 DEBUG Bus Bus:step:49 - going to 9
18:56:21,934 DEBUG Walker4(4-2) Walker4(4-2):waitInBus:94 - checked walker
18:56:21,934 DEBUG Walker4(4-2) Walker4(4-2):waitInBus:99 - not my stop
18:56:21,934 DEBUG Walker4(4-2) Walker4(4-2):waitInBus:84 - sat in Bus
18:56:21,934 DEBUG Walker2(4-2) Walker2(4-2):waitInBus:94 - checked walker
18:56:21,934 DEBUG Walker2(4-2) Walker2(4-2):waitInBus:99 - not my stop
18:56:21,934 DEBUG Walker2(4-2) Walker2(4-2):waitInBus:84 - sat in Bus
18:56:21,934 DEBUG Bus Bus:notifyAllOnBS:68 - Loading Walkers...
18:56:21,934 DEBUG Bus Bus:step:61 - running
18:56:21,934 DEBUG Bus Bus:step:49 - going to 8
18:56:21,934 DEBUG Walker2(4-2) Walker2(4-2):waitInBus:94 - checked walker
18:56:21,934 DEBUG Walker2(4-2) Walker2(4-2):waitInBus:99 - not my stop
18:56:21,934 DEBUG Walker2(4-2) Walker2(4-2):waitInBus:84 - sat in Bus
18:56:21,934 DEBUG Walker4(4-2) Walker4(4-2):waitInBus:94 - checked walker
18:56:21,934 DEBUG Walker4(4-2) Walker4(4-2):waitInBus:99 - not my stop
18:56:21,934 DEBUG Walker4(4-2) Walker4(4-2):waitInBus:84 - sat in Bus
18:56:21,934 DEBUG Bus Bus:notifyAllOnBS:68 - Loading Walkers...
18:56:21,934 DEBUG Bus Bus:step:61 - running
18:56:21,934 DEBUG Bus Bus:step:49 - going to 7
18:56:21,934 DEBUG Walker4(4-2) Walker4(4-2):waitInBus:94 - checked walker
18:56:21,934 DEBUG Walker4(4-2) Walker4(4-2):waitInBus:99 - not my stop
18:56:21,934 DEBUG Walker4(4-2) Walker4(4-2):waitInBus:84 - sat in Bus
18:56:21,934 DEBUG Walker2(4-2) Walker2(4-2):waitInBus:94 - checked walker
18:56:21,934 DEBUG Walker2(4-2) Walker2(4-2):waitInBus:99 - not my stop
18:56:21,934 DEBUG Walker2(4-2) Walker2(4-2):waitInBus:84 - sat in Bus
18:56:21,934 DEBUG Bus Bus:notifyAllOnBS:68 - Loading Walkers...
18:56:21,934 DEBUG Bus Bus:step:61 - running
18:56:21,934 DEBUG Bus Bus:step:49 - going to 6
18:56:21,934 DEBUG Walker2(4-2) Walker2(4-2):waitInBus:94 - checked walker
18:56:21,934 DEBUG Walker2(4-2) Walker2(4-2):waitInBus:99 - not my stop
18:56:21,934 DEBUG Walker2(4-2) Walker2(4-2):waitInBus:84 - sat in Bus
18:56:21,934 DEBUG Walker4(4-2) Walker4(4-2):waitInBus:94 - checked walker
18:56:21,934 DEBUG Walker4(4-2) Walker4(4-2):waitInBus:99 - not my stop
18:56:21,934 DEBUG Walker4(4-2) Walker4(4-2):waitInBus:84 - sat in Bus
18:56:21,934 DEBUG Bus Bus:notifyAllOnBS:68 - Loading Walkers...
18:56:21,934 DEBUG Bus Bus:step:61 - running
18:56:21,934 DEBUG Bus Bus:step:49 - going to 5
18:56:21,934 DEBUG Walker4(4-2) Walker4(4-2):waitInBus:94 - checked walker
18:56:21,934 DEBUG Walker4(4-2) Walker4(4-2):waitInBus:99 - not my stop
18:56:21,934 DEBUG Walker4(4-2) Walker4(4-2):waitInBus:84 - sat in Bus
18:56:21,934 DEBUG Walker2(4-2) Walker2(4-2):waitInBus:94 - checked walker
18:56:21,934 DEBUG Walker2(4-2) Walker2(4-2):waitInBus:99 - not my stop
18:56:21,934 DEBUG Walker2(4-2) Walker2(4-2):waitInBus:84 - sat in Bus
18:56:21,934 DEBUG Bus Bus:notifyAllOnBS:68 - Loading Walkers...
18:56:21,934 DEBUG Bus Bus:step:61 - running
18:56:21,934 DEBUG Bus Bus:step:49 - going to 4
18:56:21,934 DEBUG Walker2(4-2) Walker2(4-2):waitInBus:94 - checked walker
18:56:21,934 DEBUG Walker2(4-2) Walker2(4-2):waitInBus:99 - not my stop
18:56:21,934 DEBUG Walker2(4-2) Walker2(4-2):waitInBus:84 - sat in Bus
18:56:21,934 DEBUG Walker4(4-2) Walker4(4-2):waitInBus:94 - checked walker
18:56:21,934 DEBUG Walker4(4-2) Walker4(4-2):waitInBus:99 - not my stop
18:56:21,934 DEBUG Walker4(4-2) Walker4(4-2):waitInBus:84 - sat in Bus
18:56:21,934 DEBUG Bus Bus:notifyAllOnBS:68 - Loading Walkers...
18:56:21,934 DEBUG Bus Bus:step:61 - running
18:56:21,934 DEBUG Bus Bus:step:49 - going to 3
18:56:21,934 DEBUG Walker4(4-2) Walker4(4-2):waitInBus:94 - checked walker
18:56:21,934 DEBUG Walker4(4-2) Walker4(4-2):waitInBus:99 - not my stop
18:56:21,934 DEBUG Walker4(4-2) Walker4(4-2):waitInBus:84 - sat in Bus
18:56:21,934 DEBUG Walker2(4-2) Walker2(4-2):waitInBus:94 - checked walker
18:56:21,950 DEBUG Walker2(4-2) Walker2(4-2):waitInBus:99 - not my stop
18:56:21,950 DEBUG Walker2(4-2) Walker2(4-2):waitInBus:84 - sat in Bus
18:56:21,950 DEBUG Bus Bus:notifyAllOnBS:68 - Loading Walkers...
18:56:21,950 DEBUG Bus Bus:step:61 - running
18:56:21,950 DEBUG Bus Bus:step:49 - going to 2
18:56:21,950 DEBUG Walker2(4-2) Walker2(4-2):waitInBus:88 - end point
18:56:21,950 DEBUG Walker2(4-2) Walker2(4-2):waitInBus:94 - checked walker
18:56:21,950 DEBUG Walker2(4-2) Walker2(4-2):waitInBus:99 - not my stop
18:56:21,950 DEBUG Walker4(4-2) Walker4(4-2):waitInBus:88 - end point
18:56:21,950 DEBUG Walker4(4-2) Walker4(4-2):waitInBus:94 - checked walker
18:56:21,950 DEBUG Walker4(4-2) Walker4(4-2):waitInBus:99 - not my stop
18:56:21,950 DEBUG Bus Bus:notifyAllOnBS:68 - Loading Walkers...
18:56:21,950 DEBUG Bus Bus:step:61 - running
18:56:21,950 DEBUG Bus Bus:run:37 - End
